<html>
<head>
<title>TestNG:  Test</title>
<link href="../testng.css" rel="stylesheet" type="text/css" />
<link href="../my-testng.css" rel="stylesheet" type="text/css" />

<style type="text/css">
.log { display: none;} 
.stack-trace { display: none;} 
</style>
<script type="text/javascript">
<!--
function flip(e) {
  current = e.style.display;
  if (current == 'block') {
    e.style.display = 'none';
    return 0;
  }
  else {
    e.style.display = 'block';
    return 1;
  }
}

function toggleBox(szDivId, elem, msg1, msg2)
{
  var res = -1;  if (document.getElementById) {
    res = flip(document.getElementById(szDivId));
  }
  else if (document.all) {
    // this is the way old msie versions work
    res = flip(document.all[szDivId]);
  }
  if(elem) {
    if(res == 0) elem.innerHTML = msg1; else elem.innerHTML = msg2;
  }

}

function toggleAllBoxes() {
  if (document.getElementsByTagName) {
    d = document.getElementsByTagName('div');
    for (i = 0; i < d.length; i++) {
      if (d[i].className == 'log') {
        flip(d[i]);
      }
    }
  }
}

// -->
</script>

</head>
<body>
<h2 align='center'>Test</h2><table border='1' align="center">
<tr>
<td>Tests passed/Failed/Skipped:</td><td>0/0/30</td>
</tr><tr>
<td>Started on:</td><td>Thu Aug 22 22:05:50 IST 2024</td>
</tr>
<tr><td>Total time:</td><td>0 seconds (361 ms)</td>
</tr><tr>
<td>Included groups:</td><td></td>
</tr><tr>
<td>Excluded groups:</td><td></td>
</tr>
</table><p/>
<small><i>(Hover the method name to see the test class name)</i></small><p/>
<table width='100%' border='1' class='invocation-failed'>
<tr><td colspan='4' align='center'><b>FAILED CONFIGURATIONS</b></td></tr>
<tr><td><b>Test method</b></td>
<td width="30%"><b>Exception</b></td>
<td width="10%"><b>Time (seconds)</b></td>
<td><b>Instance</b></td>
</tr>
<tr>
<td title='com.Amazonkart.kidsproducttest.KidsProduct8Test.browserSetup()'><b>browserSetup</b><br>Test class: com.Amazonkart.kidsproducttest.KidsProduct8Test</td>
<td><div><pre>org.testng.TestNGException: 
Parameter &apos;browser&apos; is required by BeforeClass on method browserSetup but has not been marked @Optional or defined
in C:\Users\USER\git\LearningSelenium\LearningSelenium\LearningSelenium\com.Amazon\testng.xml
	at java.base/java.util.ArrayList.forEach(ArrayList.java:1511)
... Removed 22 stack frames</pre></div><a href='#' onClick='toggleBox("stack-trace1650813924", this, "Click to show all stack frames", "Click to hide stack frames")'>Click to show all stack frames</a>
<div class='stack-trace' id='stack-trace1650813924'><pre>org.testng.TestNGException: 
Parameter &apos;browser&apos; is required by BeforeClass on method browserSetup but has not been marked @Optional or defined
in C:\Users\USER\git\LearningSelenium\LearningSelenium\LearningSelenium\com.Amazon\testng.xml
	at org.testng.internal.Parameters.createParams(Parameters.java:270)
	at org.testng.internal.Parameters.createParametersForMethod(Parameters.java:358)
	at org.testng.internal.Parameters.createParameters(Parameters.java:700)
	at org.testng.internal.Parameters.createConfigurationParameters(Parameters.java:168)
	at org.testng.internal.ConfigInvoker.invokeConfigurations(ConfigInvoker.java:302)
	at org.testng.internal.TestMethodWorker.invokeBeforeClassMethods(TestMethodWorker.java:176)
	at org.testng.internal.TestMethodWorker.run(TestMethodWorker.java:122)
	at java.base/java.util.ArrayList.forEach(ArrayList.java:1511)
	at org.testng.TestRunner.privateRun(TestRunner.java:794)
	at org.testng.TestRunner.run(TestRunner.java:596)
	at org.testng.SuiteRunner.runTest(SuiteRunner.java:377)
	at org.testng.SuiteRunner.runSequentially(SuiteRunner.java:371)
	at org.testng.SuiteRunner.privateRun(SuiteRunner.java:332)
	at org.testng.SuiteRunner.run(SuiteRunner.java:276)
	at org.testng.SuiteRunnerWorker.runSuite(SuiteRunnerWorker.java:53)
	at org.testng.SuiteRunnerWorker.run(SuiteRunnerWorker.java:96)
	at org.testng.TestNG.runSuitesSequentially(TestNG.java:1212)
	at org.testng.TestNG.runSuitesLocally(TestNG.java:1134)
	at org.testng.TestNG.runSuites(TestNG.java:1063)
	at org.testng.TestNG.run(TestNG.java:1031)
	at org.testng.remote.AbstractRemoteTestNG.run(AbstractRemoteTestNG.java:115)
	at org.testng.remote.RemoteTestNG.initAndRun(RemoteTestNG.java:293)
	at org.testng.remote.RemoteTestNG.main(RemoteTestNG.java:91)
</pre></div></td>
<td>-1724344551</td>
<td>com.Amazonkart.kidsproducttest.KidsProduct8Test@71ba6d4e</td></tr>
<tr>
<td title='com.Amazonkart.kidsproducttest.KidsProduct1Test.browserSetup()'><b>browserSetup</b><br>Test class: com.Amazonkart.kidsproducttest.KidsProduct1Test</td>
<td><div><pre>org.testng.TestNGException: 
Parameter &apos;browser&apos; is required by BeforeClass on method browserSetup but has not been marked @Optional or defined
in C:\Users\USER\git\LearningSelenium\LearningSelenium\LearningSelenium\com.Amazon\testng.xml
	at java.base/java.util.ArrayList.forEach(ArrayList.java:1511)
... Removed 22 stack frames</pre></div><a href='#' onClick='toggleBox("stack-trace1777238524", this, "Click to show all stack frames", "Click to hide stack frames")'>Click to show all stack frames</a>
<div class='stack-trace' id='stack-trace1777238524'><pre>org.testng.TestNGException: 
Parameter &apos;browser&apos; is required by BeforeClass on method browserSetup but has not been marked @Optional or defined
in C:\Users\USER\git\LearningSelenium\LearningSelenium\LearningSelenium\com.Amazon\testng.xml
	at org.testng.internal.Parameters.createParams(Parameters.java:270)
	at org.testng.internal.Parameters.createParametersForMethod(Parameters.java:358)
	at org.testng.internal.Parameters.createParameters(Parameters.java:700)
	at org.testng.internal.Parameters.createConfigurationParameters(Parameters.java:168)
	at org.testng.internal.ConfigInvoker.invokeConfigurations(ConfigInvoker.java:302)
	at org.testng.internal.TestMethodWorker.invokeBeforeClassMethods(TestMethodWorker.java:176)
	at org.testng.internal.TestMethodWorker.run(TestMethodWorker.java:122)
	at java.base/java.util.ArrayList.forEach(ArrayList.java:1511)
	at org.testng.TestRunner.privateRun(TestRunner.java:794)
	at org.testng.TestRunner.run(TestRunner.java:596)
	at org.testng.SuiteRunner.runTest(SuiteRunner.java:377)
	at org.testng.SuiteRunner.runSequentially(SuiteRunner.java:371)
	at org.testng.SuiteRunner.privateRun(SuiteRunner.java:332)
	at org.testng.SuiteRunner.run(SuiteRunner.java:276)
	at org.testng.SuiteRunnerWorker.runSuite(SuiteRunnerWorker.java:53)
	at org.testng.SuiteRunnerWorker.run(SuiteRunnerWorker.java:96)
	at org.testng.TestNG.runSuitesSequentially(TestNG.java:1212)
	at org.testng.TestNG.runSuitesLocally(TestNG.java:1134)
	at org.testng.TestNG.runSuites(TestNG.java:1063)
	at org.testng.TestNG.run(TestNG.java:1031)
	at org.testng.remote.AbstractRemoteTestNG.run(AbstractRemoteTestNG.java:115)
	at org.testng.remote.RemoteTestNG.initAndRun(RemoteTestNG.java:293)
	at org.testng.remote.RemoteTestNG.main(RemoteTestNG.java:91)
</pre></div></td>
<td>-1724344550</td>
<td>com.Amazonkart.kidsproducttest.KidsProduct1Test@6574a52c</td></tr>
<tr>
<td title='com.Amazonkart.kidsproducttest.KidsProduct2Test.browserSetup()'><b>browserSetup</b><br>Test class: com.Amazonkart.kidsproducttest.KidsProduct2Test</td>
<td><div><pre>org.testng.TestNGException: 
Parameter &apos;browser&apos; is required by BeforeClass on method browserSetup but has not been marked @Optional or defined
in C:\Users\USER\git\LearningSelenium\LearningSelenium\LearningSelenium\com.Amazon\testng.xml
	at java.base/java.util.ArrayList.forEach(ArrayList.java:1511)
... Removed 22 stack frames</pre></div><a href='#' onClick='toggleBox("stack-trace795321555", this, "Click to show all stack frames", "Click to hide stack frames")'>Click to show all stack frames</a>
<div class='stack-trace' id='stack-trace795321555'><pre>org.testng.TestNGException: 
Parameter &apos;browser&apos; is required by BeforeClass on method browserSetup but has not been marked @Optional or defined
in C:\Users\USER\git\LearningSelenium\LearningSelenium\LearningSelenium\com.Amazon\testng.xml
	at org.testng.internal.Parameters.createParams(Parameters.java:270)
	at org.testng.internal.Parameters.createParametersForMethod(Parameters.java:358)
	at org.testng.internal.Parameters.createParameters(Parameters.java:700)
	at org.testng.internal.Parameters.createConfigurationParameters(Parameters.java:168)
	at org.testng.internal.ConfigInvoker.invokeConfigurations(ConfigInvoker.java:302)
	at org.testng.internal.TestMethodWorker.invokeBeforeClassMethods(TestMethodWorker.java:176)
	at org.testng.internal.TestMethodWorker.run(TestMethodWorker.java:122)
	at java.base/java.util.ArrayList.forEach(ArrayList.java:1511)
	at org.testng.TestRunner.privateRun(TestRunner.java:794)
	at org.testng.TestRunner.run(TestRunner.java:596)
	at org.testng.SuiteRunner.runTest(SuiteRunner.java:377)
	at org.testng.SuiteRunner.runSequentially(SuiteRunner.java:371)
	at org.testng.SuiteRunner.privateRun(SuiteRunner.java:332)
	at org.testng.SuiteRunner.run(SuiteRunner.java:276)
	at org.testng.SuiteRunnerWorker.runSuite(SuiteRunnerWorker.java:53)
	at org.testng.SuiteRunnerWorker.run(SuiteRunnerWorker.java:96)
	at org.testng.TestNG.runSuitesSequentially(TestNG.java:1212)
	at org.testng.TestNG.runSuitesLocally(TestNG.java:1134)
	at org.testng.TestNG.runSuites(TestNG.java:1063)
	at org.testng.TestNG.run(TestNG.java:1031)
	at org.testng.remote.AbstractRemoteTestNG.run(AbstractRemoteTestNG.java:115)
	at org.testng.remote.RemoteTestNG.initAndRun(RemoteTestNG.java:293)
	at org.testng.remote.RemoteTestNG.main(RemoteTestNG.java:91)
</pre></div></td>
<td>-1724344550</td>
<td>com.Amazonkart.kidsproducttest.KidsProduct2Test@60099951</td></tr>
<tr>
<td title='com.Amazonkart.kidsproducttest.KidsProduct9Test.browserSetup()'><b>browserSetup</b><br>Test class: com.Amazonkart.kidsproducttest.KidsProduct9Test</td>
<td><div><pre>org.testng.TestNGException: 
Parameter &apos;browser&apos; is required by BeforeClass on method browserSetup but has not been marked @Optional or defined
in C:\Users\USER\git\LearningSelenium\LearningSelenium\LearningSelenium\com.Amazon\testng.xml
	at java.base/java.util.ArrayList.forEach(ArrayList.java:1511)
... Removed 22 stack frames</pre></div><a href='#' onClick='toggleBox("stack-trace1423983012", this, "Click to show all stack frames", "Click to hide stack frames")'>Click to show all stack frames</a>
<div class='stack-trace' id='stack-trace1423983012'><pre>org.testng.TestNGException: 
Parameter &apos;browser&apos; is required by BeforeClass on method browserSetup but has not been marked @Optional or defined
in C:\Users\USER\git\LearningSelenium\LearningSelenium\LearningSelenium\com.Amazon\testng.xml
	at org.testng.internal.Parameters.createParams(Parameters.java:270)
	at org.testng.internal.Parameters.createParametersForMethod(Parameters.java:358)
	at org.testng.internal.Parameters.createParameters(Parameters.java:700)
	at org.testng.internal.Parameters.createConfigurationParameters(Parameters.java:168)
	at org.testng.internal.ConfigInvoker.invokeConfigurations(ConfigInvoker.java:302)
	at org.testng.internal.TestMethodWorker.invokeBeforeClassMethods(TestMethodWorker.java:176)
	at org.testng.internal.TestMethodWorker.run(TestMethodWorker.java:122)
	at java.base/java.util.ArrayList.forEach(ArrayList.java:1511)
	at org.testng.TestRunner.privateRun(TestRunner.java:794)
	at org.testng.TestRunner.run(TestRunner.java:596)
	at org.testng.SuiteRunner.runTest(SuiteRunner.java:377)
	at org.testng.SuiteRunner.runSequentially(SuiteRunner.java:371)
	at org.testng.SuiteRunner.privateRun(SuiteRunner.java:332)
	at org.testng.SuiteRunner.run(SuiteRunner.java:276)
	at org.testng.SuiteRunnerWorker.runSuite(SuiteRunnerWorker.java:53)
	at org.testng.SuiteRunnerWorker.run(SuiteRunnerWorker.java:96)
	at org.testng.TestNG.runSuitesSequentially(TestNG.java:1212)
	at org.testng.TestNG.runSuitesLocally(TestNG.java:1134)
	at org.testng.TestNG.runSuites(TestNG.java:1063)
	at org.testng.TestNG.run(TestNG.java:1031)
	at org.testng.remote.AbstractRemoteTestNG.run(AbstractRemoteTestNG.java:115)
	at org.testng.remote.RemoteTestNG.initAndRun(RemoteTestNG.java:293)
	at org.testng.remote.RemoteTestNG.main(RemoteTestNG.java:91)
</pre></div></td>
<td>-1724344550</td>
<td>com.Amazonkart.kidsproducttest.KidsProduct9Test@55a147cc</td></tr>
<tr>
<td title='com.Amazonkart.kidsproducttest.KidsProduct10Test.browserSetup()'><b>browserSetup</b><br>Test class: com.Amazonkart.kidsproducttest.KidsProduct10Test</td>
<td><div><pre>org.testng.TestNGException: 
Parameter &apos;browser&apos; is required by BeforeClass on method browserSetup but has not been marked @Optional or defined
in C:\Users\USER\git\LearningSelenium\LearningSelenium\LearningSelenium\com.Amazon\testng.xml
	at java.base/java.util.ArrayList.forEach(ArrayList.java:1511)
... Removed 22 stack frames</pre></div><a href='#' onClick='toggleBox("stack-trace343812839", this, "Click to show all stack frames", "Click to hide stack frames")'>Click to show all stack frames</a>
<div class='stack-trace' id='stack-trace343812839'><pre>org.testng.TestNGException: 
Parameter &apos;browser&apos; is required by BeforeClass on method browserSetup but has not been marked @Optional or defined
in C:\Users\USER\git\LearningSelenium\LearningSelenium\LearningSelenium\com.Amazon\testng.xml
	at org.testng.internal.Parameters.createParams(Parameters.java:270)
	at org.testng.internal.Parameters.createParametersForMethod(Parameters.java:358)
	at org.testng.internal.Parameters.createParameters(Parameters.java:700)
	at org.testng.internal.Parameters.createConfigurationParameters(Parameters.java:168)
	at org.testng.internal.ConfigInvoker.invokeConfigurations(ConfigInvoker.java:302)
	at org.testng.internal.TestMethodWorker.invokeBeforeClassMethods(TestMethodWorker.java:176)
	at org.testng.internal.TestMethodWorker.run(TestMethodWorker.java:122)
	at java.base/java.util.ArrayList.forEach(ArrayList.java:1511)
	at org.testng.TestRunner.privateRun(TestRunner.java:794)
	at org.testng.TestRunner.run(TestRunner.java:596)
	at org.testng.SuiteRunner.runTest(SuiteRunner.java:377)
	at org.testng.SuiteRunner.runSequentially(SuiteRunner.java:371)
	at org.testng.SuiteRunner.privateRun(SuiteRunner.java:332)
	at org.testng.SuiteRunner.run(SuiteRunner.java:276)
	at org.testng.SuiteRunnerWorker.runSuite(SuiteRunnerWorker.java:53)
	at org.testng.SuiteRunnerWorker.run(SuiteRunnerWorker.java:96)
	at org.testng.TestNG.runSuitesSequentially(TestNG.java:1212)
	at org.testng.TestNG.runSuitesLocally(TestNG.java:1134)
	at org.testng.TestNG.runSuites(TestNG.java:1063)
	at org.testng.TestNG.run(TestNG.java:1031)
	at org.testng.remote.AbstractRemoteTestNG.run(AbstractRemoteTestNG.java:115)
	at org.testng.remote.RemoteTestNG.initAndRun(RemoteTestNG.java:293)
	at org.testng.remote.RemoteTestNG.main(RemoteTestNG.java:91)
</pre></div></td>
<td>-1724344550</td>
<td>com.Amazonkart.kidsproducttest.KidsProduct10Test@20140db9</td></tr>
<tr>
<td title='com.Amazonkart.kidsproducttest.KidsProduct4Test.browserSetup()'><b>browserSetup</b><br>Test class: com.Amazonkart.kidsproducttest.KidsProduct4Test</td>
<td><div><pre>org.testng.TestNGException: 
Parameter &apos;browser&apos; is required by BeforeClass on method browserSetup but has not been marked @Optional or defined
in C:\Users\USER\git\LearningSelenium\LearningSelenium\LearningSelenium\com.Amazon\testng.xml
	at java.base/java.util.ArrayList.forEach(ArrayList.java:1511)
... Removed 22 stack frames</pre></div><a href='#' onClick='toggleBox("stack-trace1930240356", this, "Click to show all stack frames", "Click to hide stack frames")'>Click to show all stack frames</a>
<div class='stack-trace' id='stack-trace1930240356'><pre>org.testng.TestNGException: 
Parameter &apos;browser&apos; is required by BeforeClass on method browserSetup but has not been marked @Optional or defined
in C:\Users\USER\git\LearningSelenium\LearningSelenium\LearningSelenium\com.Amazon\testng.xml
	at org.testng.internal.Parameters.createParams(Parameters.java:270)
	at org.testng.internal.Parameters.createParametersForMethod(Parameters.java:358)
	at org.testng.internal.Parameters.createParameters(Parameters.java:700)
	at org.testng.internal.Parameters.createConfigurationParameters(Parameters.java:168)
	at org.testng.internal.ConfigInvoker.invokeConfigurations(ConfigInvoker.java:302)
	at org.testng.internal.TestMethodWorker.invokeBeforeClassMethods(TestMethodWorker.java:176)
	at org.testng.internal.TestMethodWorker.run(TestMethodWorker.java:122)
	at java.base/java.util.ArrayList.forEach(ArrayList.java:1511)
	at org.testng.TestRunner.privateRun(TestRunner.java:794)
	at org.testng.TestRunner.run(TestRunner.java:596)
	at org.testng.SuiteRunner.runTest(SuiteRunner.java:377)
	at org.testng.SuiteRunner.runSequentially(SuiteRunner.java:371)
	at org.testng.SuiteRunner.privateRun(SuiteRunner.java:332)
	at org.testng.SuiteRunner.run(SuiteRunner.java:276)
	at org.testng.SuiteRunnerWorker.runSuite(SuiteRunnerWorker.java:53)
	at org.testng.SuiteRunnerWorker.run(SuiteRunnerWorker.java:96)
	at org.testng.TestNG.runSuitesSequentially(TestNG.java:1212)
	at org.testng.TestNG.runSuitesLocally(TestNG.java:1134)
	at org.testng.TestNG.runSuites(TestNG.java:1063)
	at org.testng.TestNG.run(TestNG.java:1031)
	at org.testng.remote.AbstractRemoteTestNG.run(AbstractRemoteTestNG.java:115)
	at org.testng.remote.RemoteTestNG.initAndRun(RemoteTestNG.java:293)
	at org.testng.remote.RemoteTestNG.main(RemoteTestNG.java:91)
</pre></div></td>
<td>-1724344550</td>
<td>com.Amazonkart.kidsproducttest.KidsProduct4Test@1e6a3214</td></tr>
<tr>
<td title='com.Amazonkart.kidsproducttest.KidsProduct6Test.browserSetup()'><b>browserSetup</b><br>Test class: com.Amazonkart.kidsproducttest.KidsProduct6Test</td>
<td><div><pre>org.testng.TestNGException: 
Parameter &apos;browser&apos; is required by BeforeClass on method browserSetup but has not been marked @Optional or defined
in C:\Users\USER\git\LearningSelenium\LearningSelenium\LearningSelenium\com.Amazon\testng.xml
	at java.base/java.util.ArrayList.forEach(ArrayList.java:1511)
... Removed 22 stack frames</pre></div><a href='#' onClick='toggleBox("stack-trace735937428", this, "Click to show all stack frames", "Click to hide stack frames")'>Click to show all stack frames</a>
<div class='stack-trace' id='stack-trace735937428'><pre>org.testng.TestNGException: 
Parameter &apos;browser&apos; is required by BeforeClass on method browserSetup but has not been marked @Optional or defined
in C:\Users\USER\git\LearningSelenium\LearningSelenium\LearningSelenium\com.Amazon\testng.xml
	at org.testng.internal.Parameters.createParams(Parameters.java:270)
	at org.testng.internal.Parameters.createParametersForMethod(Parameters.java:358)
	at org.testng.internal.Parameters.createParameters(Parameters.java:700)
	at org.testng.internal.Parameters.createConfigurationParameters(Parameters.java:168)
	at org.testng.internal.ConfigInvoker.invokeConfigurations(ConfigInvoker.java:302)
	at org.testng.internal.TestMethodWorker.invokeBeforeClassMethods(TestMethodWorker.java:176)
	at org.testng.internal.TestMethodWorker.run(TestMethodWorker.java:122)
	at java.base/java.util.ArrayList.forEach(ArrayList.java:1511)
	at org.testng.TestRunner.privateRun(TestRunner.java:794)
	at org.testng.TestRunner.run(TestRunner.java:596)
	at org.testng.SuiteRunner.runTest(SuiteRunner.java:377)
	at org.testng.SuiteRunner.runSequentially(SuiteRunner.java:371)
	at org.testng.SuiteRunner.privateRun(SuiteRunner.java:332)
	at org.testng.SuiteRunner.run(SuiteRunner.java:276)
	at org.testng.SuiteRunnerWorker.runSuite(SuiteRunnerWorker.java:53)
	at org.testng.SuiteRunnerWorker.run(SuiteRunnerWorker.java:96)
	at org.testng.TestNG.runSuitesSequentially(TestNG.java:1212)
	at org.testng.TestNG.runSuitesLocally(TestNG.java:1134)
	at org.testng.TestNG.runSuites(TestNG.java:1063)
	at org.testng.TestNG.run(TestNG.java:1031)
	at org.testng.remote.AbstractRemoteTestNG.run(AbstractRemoteTestNG.java:115)
	at org.testng.remote.RemoteTestNG.initAndRun(RemoteTestNG.java:293)
	at org.testng.remote.RemoteTestNG.main(RemoteTestNG.java:91)
</pre></div></td>
<td>-1724344550</td>
<td>com.Amazonkart.kidsproducttest.KidsProduct6Test@1a942c18</td></tr>
<tr>
<td title='com.Amazonkart.kidsproducttest.KidsProduct7Test.browserSetup()'><b>browserSetup</b><br>Test class: com.Amazonkart.kidsproducttest.KidsProduct7Test</td>
<td><div><pre>org.testng.TestNGException: 
Parameter &apos;browser&apos; is required by BeforeClass on method browserSetup but has not been marked @Optional or defined
in C:\Users\USER\git\LearningSelenium\LearningSelenium\LearningSelenium\com.Amazon\testng.xml
	at java.base/java.util.ArrayList.forEach(ArrayList.java:1511)
... Removed 22 stack frames</pre></div><a href='#' onClick='toggleBox("stack-trace1774720883", this, "Click to show all stack frames", "Click to hide stack frames")'>Click to show all stack frames</a>
<div class='stack-trace' id='stack-trace1774720883'><pre>org.testng.TestNGException: 
Parameter &apos;browser&apos; is required by BeforeClass on method browserSetup but has not been marked @Optional or defined
in C:\Users\USER\git\LearningSelenium\LearningSelenium\LearningSelenium\com.Amazon\testng.xml
	at org.testng.internal.Parameters.createParams(Parameters.java:270)
	at org.testng.internal.Parameters.createParametersForMethod(Parameters.java:358)
	at org.testng.internal.Parameters.createParameters(Parameters.java:700)
	at org.testng.internal.Parameters.createConfigurationParameters(Parameters.java:168)
	at org.testng.internal.ConfigInvoker.invokeConfigurations(ConfigInvoker.java:302)
	at org.testng.internal.TestMethodWorker.invokeBeforeClassMethods(TestMethodWorker.java:176)
	at org.testng.internal.TestMethodWorker.run(TestMethodWorker.java:122)
	at java.base/java.util.ArrayList.forEach(ArrayList.java:1511)
	at org.testng.TestRunner.privateRun(TestRunner.java:794)
	at org.testng.TestRunner.run(TestRunner.java:596)
	at org.testng.SuiteRunner.runTest(SuiteRunner.java:377)
	at org.testng.SuiteRunner.runSequentially(SuiteRunner.java:371)
	at org.testng.SuiteRunner.privateRun(SuiteRunner.java:332)
	at org.testng.SuiteRunner.run(SuiteRunner.java:276)
	at org.testng.SuiteRunnerWorker.runSuite(SuiteRunnerWorker.java:53)
	at org.testng.SuiteRunnerWorker.run(SuiteRunnerWorker.java:96)
	at org.testng.TestNG.runSuitesSequentially(TestNG.java:1212)
	at org.testng.TestNG.runSuitesLocally(TestNG.java:1134)
	at org.testng.TestNG.runSuites(TestNG.java:1063)
	at org.testng.TestNG.run(TestNG.java:1031)
	at org.testng.remote.AbstractRemoteTestNG.run(AbstractRemoteTestNG.java:115)
	at org.testng.remote.RemoteTestNG.initAndRun(RemoteTestNG.java:293)
	at org.testng.remote.RemoteTestNG.main(RemoteTestNG.java:91)
</pre></div></td>
<td>-1724344550</td>
<td>com.Amazonkart.kidsproducttest.KidsProduct7Test@4b45a2f5</td></tr>
<tr>
<td title='com.Amazonkart.kidsproducttest.KidsProduct5Test.browserSetup()'><b>browserSetup</b><br>Test class: com.Amazonkart.kidsproducttest.KidsProduct5Test</td>
<td><div><pre>org.testng.TestNGException: 
Parameter &apos;browser&apos; is required by BeforeClass on method browserSetup but has not been marked @Optional or defined
in C:\Users\USER\git\LearningSelenium\LearningSelenium\LearningSelenium\com.Amazon\testng.xml
	at java.base/java.util.ArrayList.forEach(ArrayList.java:1511)
... Removed 22 stack frames</pre></div><a href='#' onClick='toggleBox("stack-trace1345900725", this, "Click to show all stack frames", "Click to hide stack frames")'>Click to show all stack frames</a>
<div class='stack-trace' id='stack-trace1345900725'><pre>org.testng.TestNGException: 
Parameter &apos;browser&apos; is required by BeforeClass on method browserSetup but has not been marked @Optional or defined
in C:\Users\USER\git\LearningSelenium\LearningSelenium\LearningSelenium\com.Amazon\testng.xml
	at org.testng.internal.Parameters.createParams(Parameters.java:270)
	at org.testng.internal.Parameters.createParametersForMethod(Parameters.java:358)
	at org.testng.internal.Parameters.createParameters(Parameters.java:700)
	at org.testng.internal.Parameters.createConfigurationParameters(Parameters.java:168)
	at org.testng.internal.ConfigInvoker.invokeConfigurations(ConfigInvoker.java:302)
	at org.testng.internal.TestMethodWorker.invokeBeforeClassMethods(TestMethodWorker.java:176)
	at org.testng.internal.TestMethodWorker.run(TestMethodWorker.java:122)
	at java.base/java.util.ArrayList.forEach(ArrayList.java:1511)
	at org.testng.TestRunner.privateRun(TestRunner.java:794)
	at org.testng.TestRunner.run(TestRunner.java:596)
	at org.testng.SuiteRunner.runTest(SuiteRunner.java:377)
	at org.testng.SuiteRunner.runSequentially(SuiteRunner.java:371)
	at org.testng.SuiteRunner.privateRun(SuiteRunner.java:332)
	at org.testng.SuiteRunner.run(SuiteRunner.java:276)
	at org.testng.SuiteRunnerWorker.runSuite(SuiteRunnerWorker.java:53)
	at org.testng.SuiteRunnerWorker.run(SuiteRunnerWorker.java:96)
	at org.testng.TestNG.runSuitesSequentially(TestNG.java:1212)
	at org.testng.TestNG.runSuitesLocally(TestNG.java:1134)
	at org.testng.TestNG.runSuites(TestNG.java:1063)
	at org.testng.TestNG.run(TestNG.java:1031)
	at org.testng.remote.AbstractRemoteTestNG.run(AbstractRemoteTestNG.java:115)
	at org.testng.remote.RemoteTestNG.initAndRun(RemoteTestNG.java:293)
	at org.testng.remote.RemoteTestNG.main(RemoteTestNG.java:91)
</pre></div></td>
<td>-1724344550</td>
<td>com.Amazonkart.kidsproducttest.KidsProduct5Test@1a6d8329</td></tr>
<tr>
<td title='com.Amazonkart.kidsproducttest.KidsProduct3Test.browserSetup()'><b>browserSetup</b><br>Test class: com.Amazonkart.kidsproducttest.KidsProduct3Test</td>
<td><div><pre>org.testng.TestNGException: 
Parameter &apos;browser&apos; is required by BeforeClass on method browserSetup but has not been marked @Optional or defined
in C:\Users\USER\git\LearningSelenium\LearningSelenium\LearningSelenium\com.Amazon\testng.xml
	at java.base/java.util.ArrayList.forEach(ArrayList.java:1511)
... Removed 22 stack frames</pre></div><a href='#' onClick='toggleBox("stack-trace37981645", this, "Click to show all stack frames", "Click to hide stack frames")'>Click to show all stack frames</a>
<div class='stack-trace' id='stack-trace37981645'><pre>org.testng.TestNGException: 
Parameter &apos;browser&apos; is required by BeforeClass on method browserSetup but has not been marked @Optional or defined
in C:\Users\USER\git\LearningSelenium\LearningSelenium\LearningSelenium\com.Amazon\testng.xml
	at org.testng.internal.Parameters.createParams(Parameters.java:270)
	at org.testng.internal.Parameters.createParametersForMethod(Parameters.java:358)
	at org.testng.internal.Parameters.createParameters(Parameters.java:700)
	at org.testng.internal.Parameters.createConfigurationParameters(Parameters.java:168)
	at org.testng.internal.ConfigInvoker.invokeConfigurations(ConfigInvoker.java:302)
	at org.testng.internal.TestMethodWorker.invokeBeforeClassMethods(TestMethodWorker.java:176)
	at org.testng.internal.TestMethodWorker.run(TestMethodWorker.java:122)
	at java.base/java.util.ArrayList.forEach(ArrayList.java:1511)
	at org.testng.TestRunner.privateRun(TestRunner.java:794)
	at org.testng.TestRunner.run(TestRunner.java:596)
	at org.testng.SuiteRunner.runTest(SuiteRunner.java:377)
	at org.testng.SuiteRunner.runSequentially(SuiteRunner.java:371)
	at org.testng.SuiteRunner.privateRun(SuiteRunner.java:332)
	at org.testng.SuiteRunner.run(SuiteRunner.java:276)
	at org.testng.SuiteRunnerWorker.runSuite(SuiteRunnerWorker.java:53)
	at org.testng.SuiteRunnerWorker.run(SuiteRunnerWorker.java:96)
	at org.testng.TestNG.runSuitesSequentially(TestNG.java:1212)
	at org.testng.TestNG.runSuitesLocally(TestNG.java:1134)
	at org.testng.TestNG.runSuites(TestNG.java:1063)
	at org.testng.TestNG.run(TestNG.java:1031)
	at org.testng.remote.AbstractRemoteTestNG.run(AbstractRemoteTestNG.java:115)
	at org.testng.remote.RemoteTestNG.initAndRun(RemoteTestNG.java:293)
	at org.testng.remote.RemoteTestNG.main(RemoteTestNG.java:91)
</pre></div></td>
<td>-1724344550</td>
<td>com.Amazonkart.kidsproducttest.KidsProduct3Test@368247b9</td></tr>
</table><p>
<table width='100%' border='1' class='invocation-skipped'>
<tr><td colspan='4' align='center'><b>SKIPPED CONFIGURATIONS</b></td></tr>
<tr><td><b>Test method</b></td>
<td width="30%"><b>Exception</b></td>
<td width="10%"><b>Time (seconds)</b></td>
<td><b>Instance</b></td>
</tr>
<tr>
<td title='com.Amazonkart.kidsproducttest.KidsProduct5Test.logout()'><b>logout</b><br>Test class: com.Amazonkart.kidsproducttest.KidsProduct5Test</td>
<td></td>
<td>-1724344550</td>
<td>com.Amazonkart.kidsproducttest.KidsProduct5Test@1a6d8329</td></tr>
<tr>
<td title='com.Amazonkart.kidsproducttest.KidsProduct3Test.login()'><b>login</b><br>Test class: com.Amazonkart.kidsproducttest.KidsProduct3Test</td>
<td></td>
<td>-1724344550</td>
<td>com.Amazonkart.kidsproducttest.KidsProduct3Test@368247b9</td></tr>
<tr>
<td title='com.Amazonkart.kidsproducttest.KidsProduct2Test.login()'><b>login</b><br>Test class: com.Amazonkart.kidsproducttest.KidsProduct2Test</td>
<td></td>
<td>-1724344550</td>
<td>com.Amazonkart.kidsproducttest.KidsProduct2Test@60099951</td></tr>
<tr>
<td title='com.Amazonkart.kidsproducttest.KidsProduct5Test.closebrowser()'><b>closebrowser</b><br>Test class: com.Amazonkart.kidsproducttest.KidsProduct5Test</td>
<td></td>
<td>-1724344550</td>
<td>com.Amazonkart.kidsproducttest.KidsProduct5Test@1a6d8329</td></tr>
<tr>
<td title='com.Amazonkart.kidsproducttest.KidsProduct10Test.logout()'><b>logout</b><br>Test class: com.Amazonkart.kidsproducttest.KidsProduct10Test</td>
<td></td>
<td>-1724344550</td>
<td>com.Amazonkart.kidsproducttest.KidsProduct10Test@20140db9</td></tr>
<tr>
<td title='com.Amazonkart.kidsproducttest.KidsProduct6Test.login()'><b>login</b><br>Test class: com.Amazonkart.kidsproducttest.KidsProduct6Test</td>
<td></td>
<td>-1724344550</td>
<td>com.Amazonkart.kidsproducttest.KidsProduct6Test@1a942c18</td></tr>
<tr>
<td title='com.Amazonkart.kidsproducttest.KidsProduct10Test.logout()'><b>logout</b><br>Test class: com.Amazonkart.kidsproducttest.KidsProduct10Test</td>
<td></td>
<td>-1724344550</td>
<td>com.Amazonkart.kidsproducttest.KidsProduct10Test@20140db9</td></tr>
<tr>
<td title='com.Amazonkart.kidsproducttest.KidsProduct4Test.login()'><b>login</b><br>Test class: com.Amazonkart.kidsproducttest.KidsProduct4Test</td>
<td></td>
<td>-1724344550</td>
<td>com.Amazonkart.kidsproducttest.KidsProduct4Test@1e6a3214</td></tr>
<tr>
<td title='com.Amazonkart.kidsproducttest.KidsProduct5Test.login()'><b>login</b><br>Test class: com.Amazonkart.kidsproducttest.KidsProduct5Test</td>
<td></td>
<td>-1724344550</td>
<td>com.Amazonkart.kidsproducttest.KidsProduct5Test@1a6d8329</td></tr>
<tr>
<td title='com.Amazonkart.kidsproducttest.KidsProduct5Test.logout()'><b>logout</b><br>Test class: com.Amazonkart.kidsproducttest.KidsProduct5Test</td>
<td></td>
<td>-1724344550</td>
<td>com.Amazonkart.kidsproducttest.KidsProduct5Test@1a6d8329</td></tr>
<tr>
<td title='com.Amazonkart.kidsproducttest.KidsProduct3Test.login()'><b>login</b><br>Test class: com.Amazonkart.kidsproducttest.KidsProduct3Test</td>
<td></td>
<td>-1724344550</td>
<td>com.Amazonkart.kidsproducttest.KidsProduct3Test@368247b9</td></tr>
<tr>
<td title='com.Amazonkart.kidsproducttest.KidsProduct9Test.login()'><b>login</b><br>Test class: com.Amazonkart.kidsproducttest.KidsProduct9Test</td>
<td></td>
<td>-1724344550</td>
<td>com.Amazonkart.kidsproducttest.KidsProduct9Test@55a147cc</td></tr>
<tr>
<td title='com.Amazonkart.kidsproducttest.KidsProduct2Test.logout()'><b>logout</b><br>Test class: com.Amazonkart.kidsproducttest.KidsProduct2Test</td>
<td></td>
<td>-1724344550</td>
<td>com.Amazonkart.kidsproducttest.KidsProduct2Test@60099951</td></tr>
<tr>
<td title='com.Amazonkart.kidsproducttest.KidsProduct9Test.closebrowser()'><b>closebrowser</b><br>Test class: com.Amazonkart.kidsproducttest.KidsProduct9Test</td>
<td></td>
<td>-1724344551</td>
<td>com.Amazonkart.kidsproducttest.KidsProduct9Test@55a147cc</td></tr>
<tr>
<td title='com.Amazonkart.kidsproducttest.KidsProduct1Test.login()'><b>login</b><br>Test class: com.Amazonkart.kidsproducttest.KidsProduct1Test</td>
<td></td>
<td>-1724344550</td>
<td>com.Amazonkart.kidsproducttest.KidsProduct1Test@6574a52c</td></tr>
<tr>
<td title='com.Amazonkart.kidsproducttest.KidsProduct10Test.logout()'><b>logout</b><br>Test class: com.Amazonkart.kidsproducttest.KidsProduct10Test</td>
<td></td>
<td>-1724344550</td>
<td>com.Amazonkart.kidsproducttest.KidsProduct10Test@20140db9</td></tr>
<tr>
<td title='com.Amazonkart.kidsproducttest.KidsProduct10Test.login()'><b>login</b><br>Test class: com.Amazonkart.kidsproducttest.KidsProduct10Test</td>
<td></td>
<td>-1724344550</td>
<td>com.Amazonkart.kidsproducttest.KidsProduct10Test@20140db9</td></tr>
<tr>
<td title='com.Amazonkart.kidsproducttest.KidsProduct2Test.logout()'><b>logout</b><br>Test class: com.Amazonkart.kidsproducttest.KidsProduct2Test</td>
<td></td>
<td>-1724344550</td>
<td>com.Amazonkart.kidsproducttest.KidsProduct2Test@60099951</td></tr>
<tr>
<td title='com.Amazonkart.kidsproducttest.KidsProduct10Test.login()'><b>login</b><br>Test class: com.Amazonkart.kidsproducttest.KidsProduct10Test</td>
<td></td>
<td>-1724344550</td>
<td>com.Amazonkart.kidsproducttest.KidsProduct10Test@20140db9</td></tr>
<tr>
<td title='com.Amazonkart.kidsproducttest.KidsProduct7Test.logout()'><b>logout</b><br>Test class: com.Amazonkart.kidsproducttest.KidsProduct7Test</td>
<td></td>
<td>-1724344550</td>
<td>com.Amazonkart.kidsproducttest.KidsProduct7Test@4b45a2f5</td></tr>
<tr>
<td title='com.Amazonkart.kidsproducttest.KidsProduct10Test.closebrowser()'><b>closebrowser</b><br>Test class: com.Amazonkart.kidsproducttest.KidsProduct10Test</td>
<td></td>
<td>-1724344550</td>
<td>com.Amazonkart.kidsproducttest.KidsProduct10Test@20140db9</td></tr>
<tr>
<td title='com.Amazonkart.kidsproducttest.KidsProduct4Test.login()'><b>login</b><br>Test class: com.Amazonkart.kidsproducttest.KidsProduct4Test</td>
<td></td>
<td>-1724344550</td>
<td>com.Amazonkart.kidsproducttest.KidsProduct4Test@1e6a3214</td></tr>
<tr>
<td title='com.Amazonkart.kidsproducttest.KidsProduct2Test.closebrowser()'><b>closebrowser</b><br>Test class: com.Amazonkart.kidsproducttest.KidsProduct2Test</td>
<td></td>
<td>-1724344550</td>
<td>com.Amazonkart.kidsproducttest.KidsProduct2Test@60099951</td></tr>
<tr>
<td title='com.Amazonkart.kidsproducttest.KidsProduct7Test.logout()'><b>logout</b><br>Test class: com.Amazonkart.kidsproducttest.KidsProduct7Test</td>
<td></td>
<td>-1724344550</td>
<td>com.Amazonkart.kidsproducttest.KidsProduct7Test@4b45a2f5</td></tr>
<tr>
<td title='com.Amazonkart.kidsproducttest.KidsProduct4Test.login()'><b>login</b><br>Test class: com.Amazonkart.kidsproducttest.KidsProduct4Test</td>
<td></td>
<td>-1724344550</td>
<td>com.Amazonkart.kidsproducttest.KidsProduct4Test@1e6a3214</td></tr>
<tr>
<td title='com.Amazonkart.kidsproducttest.KidsProduct8Test.logout()'><b>logout</b><br>Test class: com.Amazonkart.kidsproducttest.KidsProduct8Test</td>
<td></td>
<td>-1724344551</td>
<td>com.Amazonkart.kidsproducttest.KidsProduct8Test@71ba6d4e</td></tr>
<tr>
<td title='com.Amazonkart.kidsproducttest.KidsProduct9Test.login()'><b>login</b><br>Test class: com.Amazonkart.kidsproducttest.KidsProduct9Test</td>
<td></td>
<td>-1724344550</td>
<td>com.Amazonkart.kidsproducttest.KidsProduct9Test@55a147cc</td></tr>
<tr>
<td title='com.Amazonkart.kidsproducttest.KidsProduct8Test.login()'><b>login</b><br>Test class: com.Amazonkart.kidsproducttest.KidsProduct8Test</td>
<td></td>
<td>-1724344551</td>
<td>com.Amazonkart.kidsproducttest.KidsProduct8Test@71ba6d4e</td></tr>
<tr>
<td title='com.Amazonkart.kidsproducttest.KidsProduct5Test.login()'><b>login</b><br>Test class: com.Amazonkart.kidsproducttest.KidsProduct5Test</td>
<td></td>
<td>-1724344550</td>
<td>com.Amazonkart.kidsproducttest.KidsProduct5Test@1a6d8329</td></tr>
<tr>
<td title='com.Amazonkart.kidsproducttest.KidsProduct6Test.logout()'><b>logout</b><br>Test class: com.Amazonkart.kidsproducttest.KidsProduct6Test</td>
<td></td>
<td>-1724344550</td>
<td>com.Amazonkart.kidsproducttest.KidsProduct6Test@1a942c18</td></tr>
<tr>
<td title='com.Amazonkart.kidsproducttest.KidsProduct1Test.logout()'><b>logout</b><br>Test class: com.Amazonkart.kidsproducttest.KidsProduct1Test</td>
<td></td>
<td>-1724344550</td>
<td>com.Amazonkart.kidsproducttest.KidsProduct1Test@6574a52c</td></tr>
<tr>
<td title='com.Amazonkart.kidsproducttest.KidsProduct7Test.login()'><b>login</b><br>Test class: com.Amazonkart.kidsproducttest.KidsProduct7Test</td>
<td></td>
<td>-1724344550</td>
<td>com.Amazonkart.kidsproducttest.KidsProduct7Test@4b45a2f5</td></tr>
<tr>
<td title='com.Amazonkart.kidsproducttest.KidsProduct9Test.login()'><b>login</b><br>Test class: com.Amazonkart.kidsproducttest.KidsProduct9Test</td>
<td></td>
<td>-1724344551</td>
<td>com.Amazonkart.kidsproducttest.KidsProduct9Test@55a147cc</td></tr>
<tr>
<td title='com.Amazonkart.kidsproducttest.KidsProduct4Test.logout()'><b>logout</b><br>Test class: com.Amazonkart.kidsproducttest.KidsProduct4Test</td>
<td></td>
<td>-1724344550</td>
<td>com.Amazonkart.kidsproducttest.KidsProduct4Test@1e6a3214</td></tr>
<tr>
<td title='com.Amazonkart.kidsproducttest.KidsProduct4Test.logout()'><b>logout</b><br>Test class: com.Amazonkart.kidsproducttest.KidsProduct4Test</td>
<td></td>
<td>-1724344550</td>
<td>com.Amazonkart.kidsproducttest.KidsProduct4Test@1e6a3214</td></tr>
<tr>
<td title='com.Amazonkart.kidsproducttest.KidsProduct2Test.login()'><b>login</b><br>Test class: com.Amazonkart.kidsproducttest.KidsProduct2Test</td>
<td></td>
<td>-1724344550</td>
<td>com.Amazonkart.kidsproducttest.KidsProduct2Test@60099951</td></tr>
<tr>
<td title='com.Amazonkart.kidsproducttest.KidsProduct8Test.logout()'><b>logout</b><br>Test class: com.Amazonkart.kidsproducttest.KidsProduct8Test</td>
<td></td>
<td>-1724344551</td>
<td>com.Amazonkart.kidsproducttest.KidsProduct8Test@71ba6d4e</td></tr>
<tr>
<td title='com.Amazonkart.kidsproducttest.KidsProduct3Test.closebrowser()'><b>closebrowser</b><br>Test class: com.Amazonkart.kidsproducttest.KidsProduct3Test</td>
<td></td>
<td>-1724344550</td>
<td>com.Amazonkart.kidsproducttest.KidsProduct3Test@368247b9</td></tr>
<tr>
<td title='com.Amazonkart.kidsproducttest.KidsProduct6Test.login()'><b>login</b><br>Test class: com.Amazonkart.kidsproducttest.KidsProduct6Test</td>
<td></td>
<td>-1724344550</td>
<td>com.Amazonkart.kidsproducttest.KidsProduct6Test@1a942c18</td></tr>
<tr>
<td title='com.Amazonkart.kidsproducttest.KidsProduct8Test.login()'><b>login</b><br>Test class: com.Amazonkart.kidsproducttest.KidsProduct8Test</td>
<td></td>
<td>-1724344551</td>
<td>com.Amazonkart.kidsproducttest.KidsProduct8Test@71ba6d4e</td></tr>
<tr>
<td title='com.Amazonkart.kidsproducttest.KidsProduct7Test.closebrowser()'><b>closebrowser</b><br>Test class: com.Amazonkart.kidsproducttest.KidsProduct7Test</td>
<td></td>
<td>-1724344550</td>
<td>com.Amazonkart.kidsproducttest.KidsProduct7Test@4b45a2f5</td></tr>
<tr>
<td title='com.Amazonkart.kidsproducttest.KidsProduct2Test.login()'><b>login</b><br>Test class: com.Amazonkart.kidsproducttest.KidsProduct2Test</td>
<td></td>
<td>-1724344550</td>
<td>com.Amazonkart.kidsproducttest.KidsProduct2Test@60099951</td></tr>
<tr>
<td title='com.Amazonkart.kidsproducttest.KidsProduct2Test.logout()'><b>logout</b><br>Test class: com.Amazonkart.kidsproducttest.KidsProduct2Test</td>
<td></td>
<td>-1724344550</td>
<td>com.Amazonkart.kidsproducttest.KidsProduct2Test@60099951</td></tr>
<tr>
<td title='com.Amazonkart.kidsproducttest.KidsProduct5Test.login()'><b>login</b><br>Test class: com.Amazonkart.kidsproducttest.KidsProduct5Test</td>
<td></td>
<td>-1724344550</td>
<td>com.Amazonkart.kidsproducttest.KidsProduct5Test@1a6d8329</td></tr>
<tr>
<td title='com.Amazonkart.kidsproducttest.KidsProduct7Test.login()'><b>login</b><br>Test class: com.Amazonkart.kidsproducttest.KidsProduct7Test</td>
<td></td>
<td>-1724344550</td>
<td>com.Amazonkart.kidsproducttest.KidsProduct7Test@4b45a2f5</td></tr>
<tr>
<td title='com.Amazonkart.kidsproducttest.KidsProduct3Test.logout()'><b>logout</b><br>Test class: com.Amazonkart.kidsproducttest.KidsProduct3Test</td>
<td></td>
<td>-1724344550</td>
<td>com.Amazonkart.kidsproducttest.KidsProduct3Test@368247b9</td></tr>
<tr>
<td title='com.Amazonkart.kidsproducttest.KidsProduct6Test.logout()'><b>logout</b><br>Test class: com.Amazonkart.kidsproducttest.KidsProduct6Test</td>
<td></td>
<td>-1724344550</td>
<td>com.Amazonkart.kidsproducttest.KidsProduct6Test@1a942c18</td></tr>
<tr>
<td title='com.Amazonkart.kidsproducttest.KidsProduct3Test.login()'><b>login</b><br>Test class: com.Amazonkart.kidsproducttest.KidsProduct3Test</td>
<td></td>
<td>-1724344550</td>
<td>com.Amazonkart.kidsproducttest.KidsProduct3Test@368247b9</td></tr>
<tr>
<td title='com.Amazonkart.kidsproducttest.KidsProduct6Test.closebrowser()'><b>closebrowser</b><br>Test class: com.Amazonkart.kidsproducttest.KidsProduct6Test</td>
<td></td>
<td>-1724344550</td>
<td>com.Amazonkart.kidsproducttest.KidsProduct6Test@1a942c18</td></tr>
<tr>
<td title='com.Amazonkart.kidsproducttest.KidsProduct9Test.logout()'><b>logout</b><br>Test class: com.Amazonkart.kidsproducttest.KidsProduct9Test</td>
<td></td>
<td>-1724344551</td>
<td>com.Amazonkart.kidsproducttest.KidsProduct9Test@55a147cc</td></tr>
<tr>
<td title='com.Amazonkart.kidsproducttest.KidsProduct4Test.logout()'><b>logout</b><br>Test class: com.Amazonkart.kidsproducttest.KidsProduct4Test</td>
<td></td>
<td>-1724344550</td>
<td>com.Amazonkart.kidsproducttest.KidsProduct4Test@1e6a3214</td></tr>
<tr>
<td title='com.Amazonkart.kidsproducttest.KidsProduct1Test.logout()'><b>logout</b><br>Test class: com.Amazonkart.kidsproducttest.KidsProduct1Test</td>
<td></td>
<td>-1724344550</td>
<td>com.Amazonkart.kidsproducttest.KidsProduct1Test@6574a52c</td></tr>
<tr>
<td title='com.Amazonkart.kidsproducttest.KidsProduct7Test.login()'><b>login</b><br>Test class: com.Amazonkart.kidsproducttest.KidsProduct7Test</td>
<td></td>
<td>-1724344550</td>
<td>com.Amazonkart.kidsproducttest.KidsProduct7Test@4b45a2f5</td></tr>
<tr>
<td title='com.Amazonkart.kidsproducttest.KidsProduct8Test.closebrowser()'><b>closebrowser</b><br>Test class: com.Amazonkart.kidsproducttest.KidsProduct8Test</td>
<td></td>
<td>-1724344551</td>
<td>com.Amazonkart.kidsproducttest.KidsProduct8Test@71ba6d4e</td></tr>
<tr>
<td title='com.Amazonkart.kidsproducttest.KidsProduct1Test.login()'><b>login</b><br>Test class: com.Amazonkart.kidsproducttest.KidsProduct1Test</td>
<td></td>
<td>-1724344550</td>
<td>com.Amazonkart.kidsproducttest.KidsProduct1Test@6574a52c</td></tr>
<tr>
<td title='com.Amazonkart.kidsproducttest.KidsProduct10Test.login()'><b>login</b><br>Test class: com.Amazonkart.kidsproducttest.KidsProduct10Test</td>
<td></td>
<td>-1724344550</td>
<td>com.Amazonkart.kidsproducttest.KidsProduct10Test@20140db9</td></tr>
<tr>
<td title='com.Amazonkart.kidsproducttest.KidsProduct6Test.login()'><b>login</b><br>Test class: com.Amazonkart.kidsproducttest.KidsProduct6Test</td>
<td></td>
<td>-1724344550</td>
<td>com.Amazonkart.kidsproducttest.KidsProduct6Test@1a942c18</td></tr>
<tr>
<td title='com.Amazonkart.kidsproducttest.KidsProduct8Test.logout()'><b>logout</b><br>Test class: com.Amazonkart.kidsproducttest.KidsProduct8Test</td>
<td></td>
<td>-1724344551</td>
<td>com.Amazonkart.kidsproducttest.KidsProduct8Test@71ba6d4e</td></tr>
<tr>
<td title='com.Amazonkart.kidsproducttest.KidsProduct6Test.logout()'><b>logout</b><br>Test class: com.Amazonkart.kidsproducttest.KidsProduct6Test</td>
<td></td>
<td>-1724344550</td>
<td>com.Amazonkart.kidsproducttest.KidsProduct6Test@1a942c18</td></tr>
<tr>
<td title='com.Amazonkart.kidsproducttest.KidsProduct9Test.logout()'><b>logout</b><br>Test class: com.Amazonkart.kidsproducttest.KidsProduct9Test</td>
<td></td>
<td>-1724344550</td>
<td>com.Amazonkart.kidsproducttest.KidsProduct9Test@55a147cc</td></tr>
<tr>
<td title='com.Amazonkart.kidsproducttest.KidsProduct1Test.login()'><b>login</b><br>Test class: com.Amazonkart.kidsproducttest.KidsProduct1Test</td>
<td></td>
<td>-1724344550</td>
<td>com.Amazonkart.kidsproducttest.KidsProduct1Test@6574a52c</td></tr>
<tr>
<td title='com.Amazonkart.kidsproducttest.KidsProduct9Test.logout()'><b>logout</b><br>Test class: com.Amazonkart.kidsproducttest.KidsProduct9Test</td>
<td></td>
<td>-1724344551</td>
<td>com.Amazonkart.kidsproducttest.KidsProduct9Test@55a147cc</td></tr>
<tr>
<td title='com.Amazonkart.kidsproducttest.KidsProduct4Test.closebrowser()'><b>closebrowser</b><br>Test class: com.Amazonkart.kidsproducttest.KidsProduct4Test</td>
<td></td>
<td>-1724344550</td>
<td>com.Amazonkart.kidsproducttest.KidsProduct4Test@1e6a3214</td></tr>
<tr>
<td title='com.Amazonkart.kidsproducttest.KidsProduct8Test.login()'><b>login</b><br>Test class: com.Amazonkart.kidsproducttest.KidsProduct8Test</td>
<td></td>
<td>-1724344551</td>
<td>com.Amazonkart.kidsproducttest.KidsProduct8Test@71ba6d4e</td></tr>
<tr>
<td title='com.Amazonkart.kidsproducttest.KidsProduct3Test.logout()'><b>logout</b><br>Test class: com.Amazonkart.kidsproducttest.KidsProduct3Test</td>
<td></td>
<td>-1724344550</td>
<td>com.Amazonkart.kidsproducttest.KidsProduct3Test@368247b9</td></tr>
<tr>
<td title='com.Amazonkart.kidsproducttest.KidsProduct7Test.logout()'><b>logout</b><br>Test class: com.Amazonkart.kidsproducttest.KidsProduct7Test</td>
<td></td>
<td>-1724344550</td>
<td>com.Amazonkart.kidsproducttest.KidsProduct7Test@4b45a2f5</td></tr>
<tr>
<td title='com.Amazonkart.kidsproducttest.KidsProduct5Test.logout()'><b>logout</b><br>Test class: com.Amazonkart.kidsproducttest.KidsProduct5Test</td>
<td></td>
<td>-1724344550</td>
<td>com.Amazonkart.kidsproducttest.KidsProduct5Test@1a6d8329</td></tr>
<tr>
<td title='com.Amazonkart.kidsproducttest.KidsProduct3Test.logout()'><b>logout</b><br>Test class: com.Amazonkart.kidsproducttest.KidsProduct3Test</td>
<td></td>
<td>-1724344550</td>
<td>com.Amazonkart.kidsproducttest.KidsProduct3Test@368247b9</td></tr>
<tr>
<td title='com.Amazonkart.kidsproducttest.KidsProduct1Test.logout()'><b>logout</b><br>Test class: com.Amazonkart.kidsproducttest.KidsProduct1Test</td>
<td></td>
<td>-1724344550</td>
<td>com.Amazonkart.kidsproducttest.KidsProduct1Test@6574a52c</td></tr>
<tr>
<td title='com.Amazonkart.kidsproducttest.KidsProduct1Test.closebrowser()'><b>closebrowser</b><br>Test class: com.Amazonkart.kidsproducttest.KidsProduct1Test</td>
<td></td>
<td>-1724344550</td>
<td>com.Amazonkart.kidsproducttest.KidsProduct1Test@6574a52c</td></tr>
</table><p>
<table width='100%' border='1' class='invocation-skipped'>
<tr><td colspan='4' align='center'><b>SKIPPED TESTS</b></td></tr>
<tr><td><b>Test method</b></td>
<td width="30%"><b>Exception</b></td>
<td width="10%"><b>Time (seconds)</b></td>
<td><b>Instance</b></td>
</tr>
<tr>
<td title='com.Amazonkart.kidsproducttest.KidsProduct1Test.deleteProduct()'><b>deleteProduct</b><br>Test class: com.Amazonkart.kidsproducttest.KidsProduct1Test</td>
<td><div><pre>org.testng.TestNGException: 
Parameter &apos;browser&apos; is required by BeforeClass on method browserSetup but has not been marked @Optional or defined
in C:\Users\USER\git\LearningSelenium\LearningSelenium\LearningSelenium\com.Amazon\testng.xml
	at java.base/java.util.ArrayList.forEach(ArrayList.java:1511)
... Removed 22 stack frames</pre></div><a href='#' onClick='toggleBox("stack-trace159475521", this, "Click to show all stack frames", "Click to hide stack frames")'>Click to show all stack frames</a>
<div class='stack-trace' id='stack-trace159475521'><pre>org.testng.TestNGException: 
Parameter &apos;browser&apos; is required by BeforeClass on method browserSetup but has not been marked @Optional or defined
in C:\Users\USER\git\LearningSelenium\LearningSelenium\LearningSelenium\com.Amazon\testng.xml
	at org.testng.internal.Parameters.createParams(Parameters.java:270)
	at org.testng.internal.Parameters.createParametersForMethod(Parameters.java:358)
	at org.testng.internal.Parameters.createParameters(Parameters.java:700)
	at org.testng.internal.Parameters.createConfigurationParameters(Parameters.java:168)
	at org.testng.internal.ConfigInvoker.invokeConfigurations(ConfigInvoker.java:302)
	at org.testng.internal.TestMethodWorker.invokeBeforeClassMethods(TestMethodWorker.java:176)
	at org.testng.internal.TestMethodWorker.run(TestMethodWorker.java:122)
	at java.base/java.util.ArrayList.forEach(ArrayList.java:1511)
	at org.testng.TestRunner.privateRun(TestRunner.java:794)
	at org.testng.TestRunner.run(TestRunner.java:596)
	at org.testng.SuiteRunner.runTest(SuiteRunner.java:377)
	at org.testng.SuiteRunner.runSequentially(SuiteRunner.java:371)
	at org.testng.SuiteRunner.privateRun(SuiteRunner.java:332)
	at org.testng.SuiteRunner.run(SuiteRunner.java:276)
	at org.testng.SuiteRunnerWorker.runSuite(SuiteRunnerWorker.java:53)
	at org.testng.SuiteRunnerWorker.run(SuiteRunnerWorker.java:96)
	at org.testng.TestNG.runSuitesSequentially(TestNG.java:1212)
	at org.testng.TestNG.runSuitesLocally(TestNG.java:1134)
	at org.testng.TestNG.runSuites(TestNG.java:1063)
	at org.testng.TestNG.run(TestNG.java:1031)
	at org.testng.remote.AbstractRemoteTestNG.run(AbstractRemoteTestNG.java:115)
	at org.testng.remote.RemoteTestNG.initAndRun(RemoteTestNG.java:293)
	at org.testng.remote.RemoteTestNG.main(RemoteTestNG.java:91)
</pre></div></td>
<td>0</td>
<td>com.Amazonkart.kidsproducttest.KidsProduct1Test@6574a52c</td></tr>
<tr>
<td title='com.Amazonkart.kidsproducttest.KidsProduct9Test.addProduct()'><b>addProduct</b><br>Test class: com.Amazonkart.kidsproducttest.KidsProduct9Test</td>
<td><div><pre>org.testng.TestNGException: 
Parameter &apos;browser&apos; is required by BeforeClass on method browserSetup but has not been marked @Optional or defined
in C:\Users\USER\git\LearningSelenium\LearningSelenium\LearningSelenium\com.Amazon\testng.xml
	at java.base/java.util.ArrayList.forEach(ArrayList.java:1511)
... Removed 22 stack frames</pre></div><a href='#' onClick='toggleBox("stack-trace127791068", this, "Click to show all stack frames", "Click to hide stack frames")'>Click to show all stack frames</a>
<div class='stack-trace' id='stack-trace127791068'><pre>org.testng.TestNGException: 
Parameter &apos;browser&apos; is required by BeforeClass on method browserSetup but has not been marked @Optional or defined
in C:\Users\USER\git\LearningSelenium\LearningSelenium\LearningSelenium\com.Amazon\testng.xml
	at org.testng.internal.Parameters.createParams(Parameters.java:270)
	at org.testng.internal.Parameters.createParametersForMethod(Parameters.java:358)
	at org.testng.internal.Parameters.createParameters(Parameters.java:700)
	at org.testng.internal.Parameters.createConfigurationParameters(Parameters.java:168)
	at org.testng.internal.ConfigInvoker.invokeConfigurations(ConfigInvoker.java:302)
	at org.testng.internal.TestMethodWorker.invokeBeforeClassMethods(TestMethodWorker.java:176)
	at org.testng.internal.TestMethodWorker.run(TestMethodWorker.java:122)
	at java.base/java.util.ArrayList.forEach(ArrayList.java:1511)
	at org.testng.TestRunner.privateRun(TestRunner.java:794)
	at org.testng.TestRunner.run(TestRunner.java:596)
	at org.testng.SuiteRunner.runTest(SuiteRunner.java:377)
	at org.testng.SuiteRunner.runSequentially(SuiteRunner.java:371)
	at org.testng.SuiteRunner.privateRun(SuiteRunner.java:332)
	at org.testng.SuiteRunner.run(SuiteRunner.java:276)
	at org.testng.SuiteRunnerWorker.runSuite(SuiteRunnerWorker.java:53)
	at org.testng.SuiteRunnerWorker.run(SuiteRunnerWorker.java:96)
	at org.testng.TestNG.runSuitesSequentially(TestNG.java:1212)
	at org.testng.TestNG.runSuitesLocally(TestNG.java:1134)
	at org.testng.TestNG.runSuites(TestNG.java:1063)
	at org.testng.TestNG.run(TestNG.java:1031)
	at org.testng.remote.AbstractRemoteTestNG.run(AbstractRemoteTestNG.java:115)
	at org.testng.remote.RemoteTestNG.initAndRun(RemoteTestNG.java:293)
	at org.testng.remote.RemoteTestNG.main(RemoteTestNG.java:91)
</pre></div></td>
<td>0</td>
<td>com.Amazonkart.kidsproducttest.KidsProduct9Test@55a147cc</td></tr>
<tr>
<td title='com.Amazonkart.kidsproducttest.KidsProduct7Test.deleteProduct()'><b>deleteProduct</b><br>Test class: com.Amazonkart.kidsproducttest.KidsProduct7Test</td>
<td><div><pre>org.testng.TestNGException: 
Parameter &apos;browser&apos; is required by BeforeClass on method browserSetup but has not been marked @Optional or defined
in C:\Users\USER\git\LearningSelenium\LearningSelenium\LearningSelenium\com.Amazon\testng.xml
	at java.base/java.util.ArrayList.forEach(ArrayList.java:1511)
... Removed 22 stack frames</pre></div><a href='#' onClick='toggleBox("stack-trace502848122", this, "Click to show all stack frames", "Click to hide stack frames")'>Click to show all stack frames</a>
<div class='stack-trace' id='stack-trace502848122'><pre>org.testng.TestNGException: 
Parameter &apos;browser&apos; is required by BeforeClass on method browserSetup but has not been marked @Optional or defined
in C:\Users\USER\git\LearningSelenium\LearningSelenium\LearningSelenium\com.Amazon\testng.xml
	at org.testng.internal.Parameters.createParams(Parameters.java:270)
	at org.testng.internal.Parameters.createParametersForMethod(Parameters.java:358)
	at org.testng.internal.Parameters.createParameters(Parameters.java:700)
	at org.testng.internal.Parameters.createConfigurationParameters(Parameters.java:168)
	at org.testng.internal.ConfigInvoker.invokeConfigurations(ConfigInvoker.java:302)
	at org.testng.internal.TestMethodWorker.invokeBeforeClassMethods(TestMethodWorker.java:176)
	at org.testng.internal.TestMethodWorker.run(TestMethodWorker.java:122)
	at java.base/java.util.ArrayList.forEach(ArrayList.java:1511)
	at org.testng.TestRunner.privateRun(TestRunner.java:794)
	at org.testng.TestRunner.run(TestRunner.java:596)
	at org.testng.SuiteRunner.runTest(SuiteRunner.java:377)
	at org.testng.SuiteRunner.runSequentially(SuiteRunner.java:371)
	at org.testng.SuiteRunner.privateRun(SuiteRunner.java:332)
	at org.testng.SuiteRunner.run(SuiteRunner.java:276)
	at org.testng.SuiteRunnerWorker.runSuite(SuiteRunnerWorker.java:53)
	at org.testng.SuiteRunnerWorker.run(SuiteRunnerWorker.java:96)
	at org.testng.TestNG.runSuitesSequentially(TestNG.java:1212)
	at org.testng.TestNG.runSuitesLocally(TestNG.java:1134)
	at org.testng.TestNG.runSuites(TestNG.java:1063)
	at org.testng.TestNG.run(TestNG.java:1031)
	at org.testng.remote.AbstractRemoteTestNG.run(AbstractRemoteTestNG.java:115)
	at org.testng.remote.RemoteTestNG.initAndRun(RemoteTestNG.java:293)
	at org.testng.remote.RemoteTestNG.main(RemoteTestNG.java:91)
</pre></div></td>
<td>0</td>
<td>com.Amazonkart.kidsproducttest.KidsProduct7Test@4b45a2f5</td></tr>
<tr>
<td title='com.Amazonkart.kidsproducttest.KidsProduct1Test.addProduct()'><b>addProduct</b><br>Test class: com.Amazonkart.kidsproducttest.KidsProduct1Test</td>
<td><div><pre>org.testng.TestNGException: 
Parameter &apos;browser&apos; is required by BeforeClass on method browserSetup but has not been marked @Optional or defined
in C:\Users\USER\git\LearningSelenium\LearningSelenium\LearningSelenium\com.Amazon\testng.xml
	at java.base/java.util.ArrayList.forEach(ArrayList.java:1511)
... Removed 22 stack frames</pre></div><a href='#' onClick='toggleBox("stack-trace1865859824", this, "Click to show all stack frames", "Click to hide stack frames")'>Click to show all stack frames</a>
<div class='stack-trace' id='stack-trace1865859824'><pre>org.testng.TestNGException: 
Parameter &apos;browser&apos; is required by BeforeClass on method browserSetup but has not been marked @Optional or defined
in C:\Users\USER\git\LearningSelenium\LearningSelenium\LearningSelenium\com.Amazon\testng.xml
	at org.testng.internal.Parameters.createParams(Parameters.java:270)
	at org.testng.internal.Parameters.createParametersForMethod(Parameters.java:358)
	at org.testng.internal.Parameters.createParameters(Parameters.java:700)
	at org.testng.internal.Parameters.createConfigurationParameters(Parameters.java:168)
	at org.testng.internal.ConfigInvoker.invokeConfigurations(ConfigInvoker.java:302)
	at org.testng.internal.TestMethodWorker.invokeBeforeClassMethods(TestMethodWorker.java:176)
	at org.testng.internal.TestMethodWorker.run(TestMethodWorker.java:122)
	at java.base/java.util.ArrayList.forEach(ArrayList.java:1511)
	at org.testng.TestRunner.privateRun(TestRunner.java:794)
	at org.testng.TestRunner.run(TestRunner.java:596)
	at org.testng.SuiteRunner.runTest(SuiteRunner.java:377)
	at org.testng.SuiteRunner.runSequentially(SuiteRunner.java:371)
	at org.testng.SuiteRunner.privateRun(SuiteRunner.java:332)
	at org.testng.SuiteRunner.run(SuiteRunner.java:276)
	at org.testng.SuiteRunnerWorker.runSuite(SuiteRunnerWorker.java:53)
	at org.testng.SuiteRunnerWorker.run(SuiteRunnerWorker.java:96)
	at org.testng.TestNG.runSuitesSequentially(TestNG.java:1212)
	at org.testng.TestNG.runSuitesLocally(TestNG.java:1134)
	at org.testng.TestNG.runSuites(TestNG.java:1063)
	at org.testng.TestNG.run(TestNG.java:1031)
	at org.testng.remote.AbstractRemoteTestNG.run(AbstractRemoteTestNG.java:115)
	at org.testng.remote.RemoteTestNG.initAndRun(RemoteTestNG.java:293)
	at org.testng.remote.RemoteTestNG.main(RemoteTestNG.java:91)
</pre></div></td>
<td>0</td>
<td>com.Amazonkart.kidsproducttest.KidsProduct1Test@6574a52c</td></tr>
<tr>
<td title='com.Amazonkart.kidsproducttest.KidsProduct5Test.addProduct()'><b>addProduct</b><br>Test class: com.Amazonkart.kidsproducttest.KidsProduct5Test</td>
<td><div><pre>org.testng.TestNGException: 
Parameter &apos;browser&apos; is required by BeforeClass on method browserSetup but has not been marked @Optional or defined
in C:\Users\USER\git\LearningSelenium\LearningSelenium\LearningSelenium\com.Amazon\testng.xml
	at java.base/java.util.ArrayList.forEach(ArrayList.java:1511)
... Removed 22 stack frames</pre></div><a href='#' onClick='toggleBox("stack-trace718571091", this, "Click to show all stack frames", "Click to hide stack frames")'>Click to show all stack frames</a>
<div class='stack-trace' id='stack-trace718571091'><pre>org.testng.TestNGException: 
Parameter &apos;browser&apos; is required by BeforeClass on method browserSetup but has not been marked @Optional or defined
in C:\Users\USER\git\LearningSelenium\LearningSelenium\LearningSelenium\com.Amazon\testng.xml
	at org.testng.internal.Parameters.createParams(Parameters.java:270)
	at org.testng.internal.Parameters.createParametersForMethod(Parameters.java:358)
	at org.testng.internal.Parameters.createParameters(Parameters.java:700)
	at org.testng.internal.Parameters.createConfigurationParameters(Parameters.java:168)
	at org.testng.internal.ConfigInvoker.invokeConfigurations(ConfigInvoker.java:302)
	at org.testng.internal.TestMethodWorker.invokeBeforeClassMethods(TestMethodWorker.java:176)
	at org.testng.internal.TestMethodWorker.run(TestMethodWorker.java:122)
	at java.base/java.util.ArrayList.forEach(ArrayList.java:1511)
	at org.testng.TestRunner.privateRun(TestRunner.java:794)
	at org.testng.TestRunner.run(TestRunner.java:596)
	at org.testng.SuiteRunner.runTest(SuiteRunner.java:377)
	at org.testng.SuiteRunner.runSequentially(SuiteRunner.java:371)
	at org.testng.SuiteRunner.privateRun(SuiteRunner.java:332)
	at org.testng.SuiteRunner.run(SuiteRunner.java:276)
	at org.testng.SuiteRunnerWorker.runSuite(SuiteRunnerWorker.java:53)
	at org.testng.SuiteRunnerWorker.run(SuiteRunnerWorker.java:96)
	at org.testng.TestNG.runSuitesSequentially(TestNG.java:1212)
	at org.testng.TestNG.runSuitesLocally(TestNG.java:1134)
	at org.testng.TestNG.runSuites(TestNG.java:1063)
	at org.testng.TestNG.run(TestNG.java:1031)
	at org.testng.remote.AbstractRemoteTestNG.run(AbstractRemoteTestNG.java:115)
	at org.testng.remote.RemoteTestNG.initAndRun(RemoteTestNG.java:293)
	at org.testng.remote.RemoteTestNG.main(RemoteTestNG.java:91)
</pre></div></td>
<td>0</td>
<td>com.Amazonkart.kidsproducttest.KidsProduct5Test@1a6d8329</td></tr>
<tr>
<td title='com.Amazonkart.kidsproducttest.KidsProduct5Test.updateProduct()'><b>updateProduct</b><br>Test class: com.Amazonkart.kidsproducttest.KidsProduct5Test</td>
<td><div><pre>org.testng.TestNGException: 
Parameter &apos;browser&apos; is required by BeforeClass on method browserSetup but has not been marked @Optional or defined
in C:\Users\USER\git\LearningSelenium\LearningSelenium\LearningSelenium\com.Amazon\testng.xml
	at java.base/java.util.ArrayList.forEach(ArrayList.java:1511)
... Removed 22 stack frames</pre></div><a href='#' onClick='toggleBox("stack-trace52514534", this, "Click to show all stack frames", "Click to hide stack frames")'>Click to show all stack frames</a>
<div class='stack-trace' id='stack-trace52514534'><pre>org.testng.TestNGException: 
Parameter &apos;browser&apos; is required by BeforeClass on method browserSetup but has not been marked @Optional or defined
in C:\Users\USER\git\LearningSelenium\LearningSelenium\LearningSelenium\com.Amazon\testng.xml
	at org.testng.internal.Parameters.createParams(Parameters.java:270)
	at org.testng.internal.Parameters.createParametersForMethod(Parameters.java:358)
	at org.testng.internal.Parameters.createParameters(Parameters.java:700)
	at org.testng.internal.Parameters.createConfigurationParameters(Parameters.java:168)
	at org.testng.internal.ConfigInvoker.invokeConfigurations(ConfigInvoker.java:302)
	at org.testng.internal.TestMethodWorker.invokeBeforeClassMethods(TestMethodWorker.java:176)
	at org.testng.internal.TestMethodWorker.run(TestMethodWorker.java:122)
	at java.base/java.util.ArrayList.forEach(ArrayList.java:1511)
	at org.testng.TestRunner.privateRun(TestRunner.java:794)
	at org.testng.TestRunner.run(TestRunner.java:596)
	at org.testng.SuiteRunner.runTest(SuiteRunner.java:377)
	at org.testng.SuiteRunner.runSequentially(SuiteRunner.java:371)
	at org.testng.SuiteRunner.privateRun(SuiteRunner.java:332)
	at org.testng.SuiteRunner.run(SuiteRunner.java:276)
	at org.testng.SuiteRunnerWorker.runSuite(SuiteRunnerWorker.java:53)
	at org.testng.SuiteRunnerWorker.run(SuiteRunnerWorker.java:96)
	at org.testng.TestNG.runSuitesSequentially(TestNG.java:1212)
	at org.testng.TestNG.runSuitesLocally(TestNG.java:1134)
	at org.testng.TestNG.runSuites(TestNG.java:1063)
	at org.testng.TestNG.run(TestNG.java:1031)
	at org.testng.remote.AbstractRemoteTestNG.run(AbstractRemoteTestNG.java:115)
	at org.testng.remote.RemoteTestNG.initAndRun(RemoteTestNG.java:293)
	at org.testng.remote.RemoteTestNG.main(RemoteTestNG.java:91)
</pre></div></td>
<td>0</td>
<td>com.Amazonkart.kidsproducttest.KidsProduct5Test@1a6d8329</td></tr>
<tr>
<td title='com.Amazonkart.kidsproducttest.KidsProduct2Test.updateProduct()'><b>updateProduct</b><br>Test class: com.Amazonkart.kidsproducttest.KidsProduct2Test</td>
<td><div><pre>org.testng.TestNGException: 
Parameter &apos;browser&apos; is required by BeforeClass on method browserSetup but has not been marked @Optional or defined
in C:\Users\USER\git\LearningSelenium\LearningSelenium\LearningSelenium\com.Amazon\testng.xml
	at java.base/java.util.ArrayList.forEach(ArrayList.java:1511)
... Removed 22 stack frames</pre></div><a href='#' onClick='toggleBox("stack-trace1680503330", this, "Click to show all stack frames", "Click to hide stack frames")'>Click to show all stack frames</a>
<div class='stack-trace' id='stack-trace1680503330'><pre>org.testng.TestNGException: 
Parameter &apos;browser&apos; is required by BeforeClass on method browserSetup but has not been marked @Optional or defined
in C:\Users\USER\git\LearningSelenium\LearningSelenium\LearningSelenium\com.Amazon\testng.xml
	at org.testng.internal.Parameters.createParams(Parameters.java:270)
	at org.testng.internal.Parameters.createParametersForMethod(Parameters.java:358)
	at org.testng.internal.Parameters.createParameters(Parameters.java:700)
	at org.testng.internal.Parameters.createConfigurationParameters(Parameters.java:168)
	at org.testng.internal.ConfigInvoker.invokeConfigurations(ConfigInvoker.java:302)
	at org.testng.internal.TestMethodWorker.invokeBeforeClassMethods(TestMethodWorker.java:176)
	at org.testng.internal.TestMethodWorker.run(TestMethodWorker.java:122)
	at java.base/java.util.ArrayList.forEach(ArrayList.java:1511)
	at org.testng.TestRunner.privateRun(TestRunner.java:794)
	at org.testng.TestRunner.run(TestRunner.java:596)
	at org.testng.SuiteRunner.runTest(SuiteRunner.java:377)
	at org.testng.SuiteRunner.runSequentially(SuiteRunner.java:371)
	at org.testng.SuiteRunner.privateRun(SuiteRunner.java:332)
	at org.testng.SuiteRunner.run(SuiteRunner.java:276)
	at org.testng.SuiteRunnerWorker.runSuite(SuiteRunnerWorker.java:53)
	at org.testng.SuiteRunnerWorker.run(SuiteRunnerWorker.java:96)
	at org.testng.TestNG.runSuitesSequentially(TestNG.java:1212)
	at org.testng.TestNG.runSuitesLocally(TestNG.java:1134)
	at org.testng.TestNG.runSuites(TestNG.java:1063)
	at org.testng.TestNG.run(TestNG.java:1031)
	at org.testng.remote.AbstractRemoteTestNG.run(AbstractRemoteTestNG.java:115)
	at org.testng.remote.RemoteTestNG.initAndRun(RemoteTestNG.java:293)
	at org.testng.remote.RemoteTestNG.main(RemoteTestNG.java:91)
</pre></div></td>
<td>0</td>
<td>com.Amazonkart.kidsproducttest.KidsProduct2Test@60099951</td></tr>
<tr>
<td title='com.Amazonkart.kidsproducttest.KidsProduct4Test.deleteProduct()'><b>deleteProduct</b><br>Test class: com.Amazonkart.kidsproducttest.KidsProduct4Test</td>
<td><div><pre>org.testng.TestNGException: 
Parameter &apos;browser&apos; is required by BeforeClass on method browserSetup but has not been marked @Optional or defined
in C:\Users\USER\git\LearningSelenium\LearningSelenium\LearningSelenium\com.Amazon\testng.xml
	at java.base/java.util.ArrayList.forEach(ArrayList.java:1511)
... Removed 22 stack frames</pre></div><a href='#' onClick='toggleBox("stack-trace1323434987", this, "Click to show all stack frames", "Click to hide stack frames")'>Click to show all stack frames</a>
<div class='stack-trace' id='stack-trace1323434987'><pre>org.testng.TestNGException: 
Parameter &apos;browser&apos; is required by BeforeClass on method browserSetup but has not been marked @Optional or defined
in C:\Users\USER\git\LearningSelenium\LearningSelenium\LearningSelenium\com.Amazon\testng.xml
	at org.testng.internal.Parameters.createParams(Parameters.java:270)
	at org.testng.internal.Parameters.createParametersForMethod(Parameters.java:358)
	at org.testng.internal.Parameters.createParameters(Parameters.java:700)
	at org.testng.internal.Parameters.createConfigurationParameters(Parameters.java:168)
	at org.testng.internal.ConfigInvoker.invokeConfigurations(ConfigInvoker.java:302)
	at org.testng.internal.TestMethodWorker.invokeBeforeClassMethods(TestMethodWorker.java:176)
	at org.testng.internal.TestMethodWorker.run(TestMethodWorker.java:122)
	at java.base/java.util.ArrayList.forEach(ArrayList.java:1511)
	at org.testng.TestRunner.privateRun(TestRunner.java:794)
	at org.testng.TestRunner.run(TestRunner.java:596)
	at org.testng.SuiteRunner.runTest(SuiteRunner.java:377)
	at org.testng.SuiteRunner.runSequentially(SuiteRunner.java:371)
	at org.testng.SuiteRunner.privateRun(SuiteRunner.java:332)
	at org.testng.SuiteRunner.run(SuiteRunner.java:276)
	at org.testng.SuiteRunnerWorker.runSuite(SuiteRunnerWorker.java:53)
	at org.testng.SuiteRunnerWorker.run(SuiteRunnerWorker.java:96)
	at org.testng.TestNG.runSuitesSequentially(TestNG.java:1212)
	at org.testng.TestNG.runSuitesLocally(TestNG.java:1134)
	at org.testng.TestNG.runSuites(TestNG.java:1063)
	at org.testng.TestNG.run(TestNG.java:1031)
	at org.testng.remote.AbstractRemoteTestNG.run(AbstractRemoteTestNG.java:115)
	at org.testng.remote.RemoteTestNG.initAndRun(RemoteTestNG.java:293)
	at org.testng.remote.RemoteTestNG.main(RemoteTestNG.java:91)
</pre></div></td>
<td>0</td>
<td>com.Amazonkart.kidsproducttest.KidsProduct4Test@1e6a3214</td></tr>
<tr>
<td title='com.Amazonkart.kidsproducttest.KidsProduct1Test.updateProduct()'><b>updateProduct</b><br>Test class: com.Amazonkart.kidsproducttest.KidsProduct1Test</td>
<td><div><pre>org.testng.TestNGException: 
Parameter &apos;browser&apos; is required by BeforeClass on method browserSetup but has not been marked @Optional or defined
in C:\Users\USER\git\LearningSelenium\LearningSelenium\LearningSelenium\com.Amazon\testng.xml
	at java.base/java.util.ArrayList.forEach(ArrayList.java:1511)
... Removed 22 stack frames</pre></div><a href='#' onClick='toggleBox("stack-trace704106237", this, "Click to show all stack frames", "Click to hide stack frames")'>Click to show all stack frames</a>
<div class='stack-trace' id='stack-trace704106237'><pre>org.testng.TestNGException: 
Parameter &apos;browser&apos; is required by BeforeClass on method browserSetup but has not been marked @Optional or defined
in C:\Users\USER\git\LearningSelenium\LearningSelenium\LearningSelenium\com.Amazon\testng.xml
	at org.testng.internal.Parameters.createParams(Parameters.java:270)
	at org.testng.internal.Parameters.createParametersForMethod(Parameters.java:358)
	at org.testng.internal.Parameters.createParameters(Parameters.java:700)
	at org.testng.internal.Parameters.createConfigurationParameters(Parameters.java:168)
	at org.testng.internal.ConfigInvoker.invokeConfigurations(ConfigInvoker.java:302)
	at org.testng.internal.TestMethodWorker.invokeBeforeClassMethods(TestMethodWorker.java:176)
	at org.testng.internal.TestMethodWorker.run(TestMethodWorker.java:122)
	at java.base/java.util.ArrayList.forEach(ArrayList.java:1511)
	at org.testng.TestRunner.privateRun(TestRunner.java:794)
	at org.testng.TestRunner.run(TestRunner.java:596)
	at org.testng.SuiteRunner.runTest(SuiteRunner.java:377)
	at org.testng.SuiteRunner.runSequentially(SuiteRunner.java:371)
	at org.testng.SuiteRunner.privateRun(SuiteRunner.java:332)
	at org.testng.SuiteRunner.run(SuiteRunner.java:276)
	at org.testng.SuiteRunnerWorker.runSuite(SuiteRunnerWorker.java:53)
	at org.testng.SuiteRunnerWorker.run(SuiteRunnerWorker.java:96)
	at org.testng.TestNG.runSuitesSequentially(TestNG.java:1212)
	at org.testng.TestNG.runSuitesLocally(TestNG.java:1134)
	at org.testng.TestNG.runSuites(TestNG.java:1063)
	at org.testng.TestNG.run(TestNG.java:1031)
	at org.testng.remote.AbstractRemoteTestNG.run(AbstractRemoteTestNG.java:115)
	at org.testng.remote.RemoteTestNG.initAndRun(RemoteTestNG.java:293)
	at org.testng.remote.RemoteTestNG.main(RemoteTestNG.java:91)
</pre></div></td>
<td>0</td>
<td>com.Amazonkart.kidsproducttest.KidsProduct1Test@6574a52c</td></tr>
<tr>
<td title='com.Amazonkart.kidsproducttest.KidsProduct8Test.deleteProduct()'><b>deleteProduct</b><br>Test class: com.Amazonkart.kidsproducttest.KidsProduct8Test</td>
<td><div><pre>org.testng.TestNGException: 
Parameter &apos;browser&apos; is required by BeforeClass on method browserSetup but has not been marked @Optional or defined
in C:\Users\USER\git\LearningSelenium\LearningSelenium\LearningSelenium\com.Amazon\testng.xml
	at java.base/java.util.ArrayList.forEach(ArrayList.java:1511)
... Removed 22 stack frames</pre></div><a href='#' onClick='toggleBox("stack-trace573200870", this, "Click to show all stack frames", "Click to hide stack frames")'>Click to show all stack frames</a>
<div class='stack-trace' id='stack-trace573200870'><pre>org.testng.TestNGException: 
Parameter &apos;browser&apos; is required by BeforeClass on method browserSetup but has not been marked @Optional or defined
in C:\Users\USER\git\LearningSelenium\LearningSelenium\LearningSelenium\com.Amazon\testng.xml
	at org.testng.internal.Parameters.createParams(Parameters.java:270)
	at org.testng.internal.Parameters.createParametersForMethod(Parameters.java:358)
	at org.testng.internal.Parameters.createParameters(Parameters.java:700)
	at org.testng.internal.Parameters.createConfigurationParameters(Parameters.java:168)
	at org.testng.internal.ConfigInvoker.invokeConfigurations(ConfigInvoker.java:302)
	at org.testng.internal.TestMethodWorker.invokeBeforeClassMethods(TestMethodWorker.java:176)
	at org.testng.internal.TestMethodWorker.run(TestMethodWorker.java:122)
	at java.base/java.util.ArrayList.forEach(ArrayList.java:1511)
	at org.testng.TestRunner.privateRun(TestRunner.java:794)
	at org.testng.TestRunner.run(TestRunner.java:596)
	at org.testng.SuiteRunner.runTest(SuiteRunner.java:377)
	at org.testng.SuiteRunner.runSequentially(SuiteRunner.java:371)
	at org.testng.SuiteRunner.privateRun(SuiteRunner.java:332)
	at org.testng.SuiteRunner.run(SuiteRunner.java:276)
	at org.testng.SuiteRunnerWorker.runSuite(SuiteRunnerWorker.java:53)
	at org.testng.SuiteRunnerWorker.run(SuiteRunnerWorker.java:96)
	at org.testng.TestNG.runSuitesSequentially(TestNG.java:1212)
	at org.testng.TestNG.runSuitesLocally(TestNG.java:1134)
	at org.testng.TestNG.runSuites(TestNG.java:1063)
	at org.testng.TestNG.run(TestNG.java:1031)
	at org.testng.remote.AbstractRemoteTestNG.run(AbstractRemoteTestNG.java:115)
	at org.testng.remote.RemoteTestNG.initAndRun(RemoteTestNG.java:293)
	at org.testng.remote.RemoteTestNG.main(RemoteTestNG.java:91)
</pre></div></td>
<td>0</td>
<td>com.Amazonkart.kidsproducttest.KidsProduct8Test@71ba6d4e</td></tr>
<tr>
<td title='com.Amazonkart.kidsproducttest.KidsProduct2Test.addProduct()'><b>addProduct</b><br>Test class: com.Amazonkart.kidsproducttest.KidsProduct2Test</td>
<td><div><pre>org.testng.TestNGException: 
Parameter &apos;browser&apos; is required by BeforeClass on method browserSetup but has not been marked @Optional or defined
in C:\Users\USER\git\LearningSelenium\LearningSelenium\LearningSelenium\com.Amazon\testng.xml
	at java.base/java.util.ArrayList.forEach(ArrayList.java:1511)
... Removed 22 stack frames</pre></div><a href='#' onClick='toggleBox("stack-trace800088638", this, "Click to show all stack frames", "Click to hide stack frames")'>Click to show all stack frames</a>
<div class='stack-trace' id='stack-trace800088638'><pre>org.testng.TestNGException: 
Parameter &apos;browser&apos; is required by BeforeClass on method browserSetup but has not been marked @Optional or defined
in C:\Users\USER\git\LearningSelenium\LearningSelenium\LearningSelenium\com.Amazon\testng.xml
	at org.testng.internal.Parameters.createParams(Parameters.java:270)
	at org.testng.internal.Parameters.createParametersForMethod(Parameters.java:358)
	at org.testng.internal.Parameters.createParameters(Parameters.java:700)
	at org.testng.internal.Parameters.createConfigurationParameters(Parameters.java:168)
	at org.testng.internal.ConfigInvoker.invokeConfigurations(ConfigInvoker.java:302)
	at org.testng.internal.TestMethodWorker.invokeBeforeClassMethods(TestMethodWorker.java:176)
	at org.testng.internal.TestMethodWorker.run(TestMethodWorker.java:122)
	at java.base/java.util.ArrayList.forEach(ArrayList.java:1511)
	at org.testng.TestRunner.privateRun(TestRunner.java:794)
	at org.testng.TestRunner.run(TestRunner.java:596)
	at org.testng.SuiteRunner.runTest(SuiteRunner.java:377)
	at org.testng.SuiteRunner.runSequentially(SuiteRunner.java:371)
	at org.testng.SuiteRunner.privateRun(SuiteRunner.java:332)
	at org.testng.SuiteRunner.run(SuiteRunner.java:276)
	at org.testng.SuiteRunnerWorker.runSuite(SuiteRunnerWorker.java:53)
	at org.testng.SuiteRunnerWorker.run(SuiteRunnerWorker.java:96)
	at org.testng.TestNG.runSuitesSequentially(TestNG.java:1212)
	at org.testng.TestNG.runSuitesLocally(TestNG.java:1134)
	at org.testng.TestNG.runSuites(TestNG.java:1063)
	at org.testng.TestNG.run(TestNG.java:1031)
	at org.testng.remote.AbstractRemoteTestNG.run(AbstractRemoteTestNG.java:115)
	at org.testng.remote.RemoteTestNG.initAndRun(RemoteTestNG.java:293)
	at org.testng.remote.RemoteTestNG.main(RemoteTestNG.java:91)
</pre></div></td>
<td>0</td>
<td>com.Amazonkart.kidsproducttest.KidsProduct2Test@60099951</td></tr>
<tr>
<td title='com.Amazonkart.kidsproducttest.KidsProduct8Test.addProduct()'><b>addProduct</b><br>Test class: com.Amazonkart.kidsproducttest.KidsProduct8Test</td>
<td><div><pre>org.testng.TestNGException: 
Parameter &apos;browser&apos; is required by BeforeClass on method browserSetup but has not been marked @Optional or defined
in C:\Users\USER\git\LearningSelenium\LearningSelenium\LearningSelenium\com.Amazon\testng.xml
	at java.base/java.util.ArrayList.forEach(ArrayList.java:1511)
... Removed 22 stack frames</pre></div><a href='#' onClick='toggleBox("stack-trace1408482749", this, "Click to show all stack frames", "Click to hide stack frames")'>Click to show all stack frames</a>
<div class='stack-trace' id='stack-trace1408482749'><pre>org.testng.TestNGException: 
Parameter &apos;browser&apos; is required by BeforeClass on method browserSetup but has not been marked @Optional or defined
in C:\Users\USER\git\LearningSelenium\LearningSelenium\LearningSelenium\com.Amazon\testng.xml
	at org.testng.internal.Parameters.createParams(Parameters.java:270)
	at org.testng.internal.Parameters.createParametersForMethod(Parameters.java:358)
	at org.testng.internal.Parameters.createParameters(Parameters.java:700)
	at org.testng.internal.Parameters.createConfigurationParameters(Parameters.java:168)
	at org.testng.internal.ConfigInvoker.invokeConfigurations(ConfigInvoker.java:302)
	at org.testng.internal.TestMethodWorker.invokeBeforeClassMethods(TestMethodWorker.java:176)
	at org.testng.internal.TestMethodWorker.run(TestMethodWorker.java:122)
	at java.base/java.util.ArrayList.forEach(ArrayList.java:1511)
	at org.testng.TestRunner.privateRun(TestRunner.java:794)
	at org.testng.TestRunner.run(TestRunner.java:596)
	at org.testng.SuiteRunner.runTest(SuiteRunner.java:377)
	at org.testng.SuiteRunner.runSequentially(SuiteRunner.java:371)
	at org.testng.SuiteRunner.privateRun(SuiteRunner.java:332)
	at org.testng.SuiteRunner.run(SuiteRunner.java:276)
	at org.testng.SuiteRunnerWorker.runSuite(SuiteRunnerWorker.java:53)
	at org.testng.SuiteRunnerWorker.run(SuiteRunnerWorker.java:96)
	at org.testng.TestNG.runSuitesSequentially(TestNG.java:1212)
	at org.testng.TestNG.runSuitesLocally(TestNG.java:1134)
	at org.testng.TestNG.runSuites(TestNG.java:1063)
	at org.testng.TestNG.run(TestNG.java:1031)
	at org.testng.remote.AbstractRemoteTestNG.run(AbstractRemoteTestNG.java:115)
	at org.testng.remote.RemoteTestNG.initAndRun(RemoteTestNG.java:293)
	at org.testng.remote.RemoteTestNG.main(RemoteTestNG.java:91)
</pre></div></td>
<td>0</td>
<td>com.Amazonkart.kidsproducttest.KidsProduct8Test@71ba6d4e</td></tr>
<tr>
<td title='com.Amazonkart.kidsproducttest.KidsProduct8Test.updateProduct()'><b>updateProduct</b><br>Test class: com.Amazonkart.kidsproducttest.KidsProduct8Test</td>
<td><div><pre>org.testng.TestNGException: 
Parameter &apos;browser&apos; is required by BeforeClass on method browserSetup but has not been marked @Optional or defined
in C:\Users\USER\git\LearningSelenium\LearningSelenium\LearningSelenium\com.Amazon\testng.xml
	at java.base/java.util.ArrayList.forEach(ArrayList.java:1511)
... Removed 22 stack frames</pre></div><a href='#' onClick='toggleBox("stack-trace1046665075", this, "Click to show all stack frames", "Click to hide stack frames")'>Click to show all stack frames</a>
<div class='stack-trace' id='stack-trace1046665075'><pre>org.testng.TestNGException: 
Parameter &apos;browser&apos; is required by BeforeClass on method browserSetup but has not been marked @Optional or defined
in C:\Users\USER\git\LearningSelenium\LearningSelenium\LearningSelenium\com.Amazon\testng.xml
	at org.testng.internal.Parameters.createParams(Parameters.java:270)
	at org.testng.internal.Parameters.createParametersForMethod(Parameters.java:358)
	at org.testng.internal.Parameters.createParameters(Parameters.java:700)
	at org.testng.internal.Parameters.createConfigurationParameters(Parameters.java:168)
	at org.testng.internal.ConfigInvoker.invokeConfigurations(ConfigInvoker.java:302)
	at org.testng.internal.TestMethodWorker.invokeBeforeClassMethods(TestMethodWorker.java:176)
	at org.testng.internal.TestMethodWorker.run(TestMethodWorker.java:122)
	at java.base/java.util.ArrayList.forEach(ArrayList.java:1511)
	at org.testng.TestRunner.privateRun(TestRunner.java:794)
	at org.testng.TestRunner.run(TestRunner.java:596)
	at org.testng.SuiteRunner.runTest(SuiteRunner.java:377)
	at org.testng.SuiteRunner.runSequentially(SuiteRunner.java:371)
	at org.testng.SuiteRunner.privateRun(SuiteRunner.java:332)
	at org.testng.SuiteRunner.run(SuiteRunner.java:276)
	at org.testng.SuiteRunnerWorker.runSuite(SuiteRunnerWorker.java:53)
	at org.testng.SuiteRunnerWorker.run(SuiteRunnerWorker.java:96)
	at org.testng.TestNG.runSuitesSequentially(TestNG.java:1212)
	at org.testng.TestNG.runSuitesLocally(TestNG.java:1134)
	at org.testng.TestNG.runSuites(TestNG.java:1063)
	at org.testng.TestNG.run(TestNG.java:1031)
	at org.testng.remote.AbstractRemoteTestNG.run(AbstractRemoteTestNG.java:115)
	at org.testng.remote.RemoteTestNG.initAndRun(RemoteTestNG.java:293)
	at org.testng.remote.RemoteTestNG.main(RemoteTestNG.java:91)
</pre></div></td>
<td>0</td>
<td>com.Amazonkart.kidsproducttest.KidsProduct8Test@71ba6d4e</td></tr>
<tr>
<td title='com.Amazonkart.kidsproducttest.KidsProduct2Test.deleteProduct()'><b>deleteProduct</b><br>Test class: com.Amazonkart.kidsproducttest.KidsProduct2Test</td>
<td><div><pre>org.testng.TestNGException: 
Parameter &apos;browser&apos; is required by BeforeClass on method browserSetup but has not been marked @Optional or defined
in C:\Users\USER\git\LearningSelenium\LearningSelenium\LearningSelenium\com.Amazon\testng.xml
	at java.base/java.util.ArrayList.forEach(ArrayList.java:1511)
... Removed 22 stack frames</pre></div><a href='#' onClick='toggleBox("stack-trace1096485705", this, "Click to show all stack frames", "Click to hide stack frames")'>Click to show all stack frames</a>
<div class='stack-trace' id='stack-trace1096485705'><pre>org.testng.TestNGException: 
Parameter &apos;browser&apos; is required by BeforeClass on method browserSetup but has not been marked @Optional or defined
in C:\Users\USER\git\LearningSelenium\LearningSelenium\LearningSelenium\com.Amazon\testng.xml
	at org.testng.internal.Parameters.createParams(Parameters.java:270)
	at org.testng.internal.Parameters.createParametersForMethod(Parameters.java:358)
	at org.testng.internal.Parameters.createParameters(Parameters.java:700)
	at org.testng.internal.Parameters.createConfigurationParameters(Parameters.java:168)
	at org.testng.internal.ConfigInvoker.invokeConfigurations(ConfigInvoker.java:302)
	at org.testng.internal.TestMethodWorker.invokeBeforeClassMethods(TestMethodWorker.java:176)
	at org.testng.internal.TestMethodWorker.run(TestMethodWorker.java:122)
	at java.base/java.util.ArrayList.forEach(ArrayList.java:1511)
	at org.testng.TestRunner.privateRun(TestRunner.java:794)
	at org.testng.TestRunner.run(TestRunner.java:596)
	at org.testng.SuiteRunner.runTest(SuiteRunner.java:377)
	at org.testng.SuiteRunner.runSequentially(SuiteRunner.java:371)
	at org.testng.SuiteRunner.privateRun(SuiteRunner.java:332)
	at org.testng.SuiteRunner.run(SuiteRunner.java:276)
	at org.testng.SuiteRunnerWorker.runSuite(SuiteRunnerWorker.java:53)
	at org.testng.SuiteRunnerWorker.run(SuiteRunnerWorker.java:96)
	at org.testng.TestNG.runSuitesSequentially(TestNG.java:1212)
	at org.testng.TestNG.runSuitesLocally(TestNG.java:1134)
	at org.testng.TestNG.runSuites(TestNG.java:1063)
	at org.testng.TestNG.run(TestNG.java:1031)
	at org.testng.remote.AbstractRemoteTestNG.run(AbstractRemoteTestNG.java:115)
	at org.testng.remote.RemoteTestNG.initAndRun(RemoteTestNG.java:293)
	at org.testng.remote.RemoteTestNG.main(RemoteTestNG.java:91)
</pre></div></td>
<td>0</td>
<td>com.Amazonkart.kidsproducttest.KidsProduct2Test@60099951</td></tr>
<tr>
<td title='com.Amazonkart.kidsproducttest.KidsProduct4Test.updateProduct()'><b>updateProduct</b><br>Test class: com.Amazonkart.kidsproducttest.KidsProduct4Test</td>
<td><div><pre>org.testng.TestNGException: 
Parameter &apos;browser&apos; is required by BeforeClass on method browserSetup but has not been marked @Optional or defined
in C:\Users\USER\git\LearningSelenium\LearningSelenium\LearningSelenium\com.Amazon\testng.xml
	at java.base/java.util.ArrayList.forEach(ArrayList.java:1511)
... Removed 22 stack frames</pre></div><a href='#' onClick='toggleBox("stack-trace1624972302", this, "Click to show all stack frames", "Click to hide stack frames")'>Click to show all stack frames</a>
<div class='stack-trace' id='stack-trace1624972302'><pre>org.testng.TestNGException: 
Parameter &apos;browser&apos; is required by BeforeClass on method browserSetup but has not been marked @Optional or defined
in C:\Users\USER\git\LearningSelenium\LearningSelenium\LearningSelenium\com.Amazon\testng.xml
	at org.testng.internal.Parameters.createParams(Parameters.java:270)
	at org.testng.internal.Parameters.createParametersForMethod(Parameters.java:358)
	at org.testng.internal.Parameters.createParameters(Parameters.java:700)
	at org.testng.internal.Parameters.createConfigurationParameters(Parameters.java:168)
	at org.testng.internal.ConfigInvoker.invokeConfigurations(ConfigInvoker.java:302)
	at org.testng.internal.TestMethodWorker.invokeBeforeClassMethods(TestMethodWorker.java:176)
	at org.testng.internal.TestMethodWorker.run(TestMethodWorker.java:122)
	at java.base/java.util.ArrayList.forEach(ArrayList.java:1511)
	at org.testng.TestRunner.privateRun(TestRunner.java:794)
	at org.testng.TestRunner.run(TestRunner.java:596)
	at org.testng.SuiteRunner.runTest(SuiteRunner.java:377)
	at org.testng.SuiteRunner.runSequentially(SuiteRunner.java:371)
	at org.testng.SuiteRunner.privateRun(SuiteRunner.java:332)
	at org.testng.SuiteRunner.run(SuiteRunner.java:276)
	at org.testng.SuiteRunnerWorker.runSuite(SuiteRunnerWorker.java:53)
	at org.testng.SuiteRunnerWorker.run(SuiteRunnerWorker.java:96)
	at org.testng.TestNG.runSuitesSequentially(TestNG.java:1212)
	at org.testng.TestNG.runSuitesLocally(TestNG.java:1134)
	at org.testng.TestNG.runSuites(TestNG.java:1063)
	at org.testng.TestNG.run(TestNG.java:1031)
	at org.testng.remote.AbstractRemoteTestNG.run(AbstractRemoteTestNG.java:115)
	at org.testng.remote.RemoteTestNG.initAndRun(RemoteTestNG.java:293)
	at org.testng.remote.RemoteTestNG.main(RemoteTestNG.java:91)
</pre></div></td>
<td>0</td>
<td>com.Amazonkart.kidsproducttest.KidsProduct4Test@1e6a3214</td></tr>
<tr>
<td title='com.Amazonkart.kidsproducttest.KidsProduct6Test.addProduct()'><b>addProduct</b><br>Test class: com.Amazonkart.kidsproducttest.KidsProduct6Test</td>
<td><div><pre>org.testng.TestNGException: 
Parameter &apos;browser&apos; is required by BeforeClass on method browserSetup but has not been marked @Optional or defined
in C:\Users\USER\git\LearningSelenium\LearningSelenium\LearningSelenium\com.Amazon\testng.xml
	at java.base/java.util.ArrayList.forEach(ArrayList.java:1511)
... Removed 22 stack frames</pre></div><a href='#' onClick='toggleBox("stack-trace1752461090", this, "Click to show all stack frames", "Click to hide stack frames")'>Click to show all stack frames</a>
<div class='stack-trace' id='stack-trace1752461090'><pre>org.testng.TestNGException: 
Parameter &apos;browser&apos; is required by BeforeClass on method browserSetup but has not been marked @Optional or defined
in C:\Users\USER\git\LearningSelenium\LearningSelenium\LearningSelenium\com.Amazon\testng.xml
	at org.testng.internal.Parameters.createParams(Parameters.java:270)
	at org.testng.internal.Parameters.createParametersForMethod(Parameters.java:358)
	at org.testng.internal.Parameters.createParameters(Parameters.java:700)
	at org.testng.internal.Parameters.createConfigurationParameters(Parameters.java:168)
	at org.testng.internal.ConfigInvoker.invokeConfigurations(ConfigInvoker.java:302)
	at org.testng.internal.TestMethodWorker.invokeBeforeClassMethods(TestMethodWorker.java:176)
	at org.testng.internal.TestMethodWorker.run(TestMethodWorker.java:122)
	at java.base/java.util.ArrayList.forEach(ArrayList.java:1511)
	at org.testng.TestRunner.privateRun(TestRunner.java:794)
	at org.testng.TestRunner.run(TestRunner.java:596)
	at org.testng.SuiteRunner.runTest(SuiteRunner.java:377)
	at org.testng.SuiteRunner.runSequentially(SuiteRunner.java:371)
	at org.testng.SuiteRunner.privateRun(SuiteRunner.java:332)
	at org.testng.SuiteRunner.run(SuiteRunner.java:276)
	at org.testng.SuiteRunnerWorker.runSuite(SuiteRunnerWorker.java:53)
	at org.testng.SuiteRunnerWorker.run(SuiteRunnerWorker.java:96)
	at org.testng.TestNG.runSuitesSequentially(TestNG.java:1212)
	at org.testng.TestNG.runSuitesLocally(TestNG.java:1134)
	at org.testng.TestNG.runSuites(TestNG.java:1063)
	at org.testng.TestNG.run(TestNG.java:1031)
	at org.testng.remote.AbstractRemoteTestNG.run(AbstractRemoteTestNG.java:115)
	at org.testng.remote.RemoteTestNG.initAndRun(RemoteTestNG.java:293)
	at org.testng.remote.RemoteTestNG.main(RemoteTestNG.java:91)
</pre></div></td>
<td>0</td>
<td>com.Amazonkart.kidsproducttest.KidsProduct6Test@1a942c18</td></tr>
<tr>
<td title='com.Amazonkart.kidsproducttest.KidsProduct3Test.addProduct()'><b>addProduct</b><br>Test class: com.Amazonkart.kidsproducttest.KidsProduct3Test</td>
<td><div><pre>org.testng.TestNGException: 
Parameter &apos;browser&apos; is required by BeforeClass on method browserSetup but has not been marked @Optional or defined
in C:\Users\USER\git\LearningSelenium\LearningSelenium\LearningSelenium\com.Amazon\testng.xml
	at java.base/java.util.ArrayList.forEach(ArrayList.java:1511)
... Removed 22 stack frames</pre></div><a href='#' onClick='toggleBox("stack-trace1365767549", this, "Click to show all stack frames", "Click to hide stack frames")'>Click to show all stack frames</a>
<div class='stack-trace' id='stack-trace1365767549'><pre>org.testng.TestNGException: 
Parameter &apos;browser&apos; is required by BeforeClass on method browserSetup but has not been marked @Optional or defined
in C:\Users\USER\git\LearningSelenium\LearningSelenium\LearningSelenium\com.Amazon\testng.xml
	at org.testng.internal.Parameters.createParams(Parameters.java:270)
	at org.testng.internal.Parameters.createParametersForMethod(Parameters.java:358)
	at org.testng.internal.Parameters.createParameters(Parameters.java:700)
	at org.testng.internal.Parameters.createConfigurationParameters(Parameters.java:168)
	at org.testng.internal.ConfigInvoker.invokeConfigurations(ConfigInvoker.java:302)
	at org.testng.internal.TestMethodWorker.invokeBeforeClassMethods(TestMethodWorker.java:176)
	at org.testng.internal.TestMethodWorker.run(TestMethodWorker.java:122)
	at java.base/java.util.ArrayList.forEach(ArrayList.java:1511)
	at org.testng.TestRunner.privateRun(TestRunner.java:794)
	at org.testng.TestRunner.run(TestRunner.java:596)
	at org.testng.SuiteRunner.runTest(SuiteRunner.java:377)
	at org.testng.SuiteRunner.runSequentially(SuiteRunner.java:371)
	at org.testng.SuiteRunner.privateRun(SuiteRunner.java:332)
	at org.testng.SuiteRunner.run(SuiteRunner.java:276)
	at org.testng.SuiteRunnerWorker.runSuite(SuiteRunnerWorker.java:53)
	at org.testng.SuiteRunnerWorker.run(SuiteRunnerWorker.java:96)
	at org.testng.TestNG.runSuitesSequentially(TestNG.java:1212)
	at org.testng.TestNG.runSuitesLocally(TestNG.java:1134)
	at org.testng.TestNG.runSuites(TestNG.java:1063)
	at org.testng.TestNG.run(TestNG.java:1031)
	at org.testng.remote.AbstractRemoteTestNG.run(AbstractRemoteTestNG.java:115)
	at org.testng.remote.RemoteTestNG.initAndRun(RemoteTestNG.java:293)
	at org.testng.remote.RemoteTestNG.main(RemoteTestNG.java:91)
</pre></div></td>
<td>0</td>
<td>com.Amazonkart.kidsproducttest.KidsProduct3Test@368247b9</td></tr>
<tr>
<td title='com.Amazonkart.kidsproducttest.KidsProduct7Test.updateProduct()'><b>updateProduct</b><br>Test class: com.Amazonkart.kidsproducttest.KidsProduct7Test</td>
<td><div><pre>org.testng.TestNGException: 
Parameter &apos;browser&apos; is required by BeforeClass on method browserSetup but has not been marked @Optional or defined
in C:\Users\USER\git\LearningSelenium\LearningSelenium\LearningSelenium\com.Amazon\testng.xml
	at java.base/java.util.ArrayList.forEach(ArrayList.java:1511)
... Removed 22 stack frames</pre></div><a href='#' onClick='toggleBox("stack-trace106999035", this, "Click to show all stack frames", "Click to hide stack frames")'>Click to show all stack frames</a>
<div class='stack-trace' id='stack-trace106999035'><pre>org.testng.TestNGException: 
Parameter &apos;browser&apos; is required by BeforeClass on method browserSetup but has not been marked @Optional or defined
in C:\Users\USER\git\LearningSelenium\LearningSelenium\LearningSelenium\com.Amazon\testng.xml
	at org.testng.internal.Parameters.createParams(Parameters.java:270)
	at org.testng.internal.Parameters.createParametersForMethod(Parameters.java:358)
	at org.testng.internal.Parameters.createParameters(Parameters.java:700)
	at org.testng.internal.Parameters.createConfigurationParameters(Parameters.java:168)
	at org.testng.internal.ConfigInvoker.invokeConfigurations(ConfigInvoker.java:302)
	at org.testng.internal.TestMethodWorker.invokeBeforeClassMethods(TestMethodWorker.java:176)
	at org.testng.internal.TestMethodWorker.run(TestMethodWorker.java:122)
	at java.base/java.util.ArrayList.forEach(ArrayList.java:1511)
	at org.testng.TestRunner.privateRun(TestRunner.java:794)
	at org.testng.TestRunner.run(TestRunner.java:596)
	at org.testng.SuiteRunner.runTest(SuiteRunner.java:377)
	at org.testng.SuiteRunner.runSequentially(SuiteRunner.java:371)
	at org.testng.SuiteRunner.privateRun(SuiteRunner.java:332)
	at org.testng.SuiteRunner.run(SuiteRunner.java:276)
	at org.testng.SuiteRunnerWorker.runSuite(SuiteRunnerWorker.java:53)
	at org.testng.SuiteRunnerWorker.run(SuiteRunnerWorker.java:96)
	at org.testng.TestNG.runSuitesSequentially(TestNG.java:1212)
	at org.testng.TestNG.runSuitesLocally(TestNG.java:1134)
	at org.testng.TestNG.runSuites(TestNG.java:1063)
	at org.testng.TestNG.run(TestNG.java:1031)
	at org.testng.remote.AbstractRemoteTestNG.run(AbstractRemoteTestNG.java:115)
	at org.testng.remote.RemoteTestNG.initAndRun(RemoteTestNG.java:293)
	at org.testng.remote.RemoteTestNG.main(RemoteTestNG.java:91)
</pre></div></td>
<td>0</td>
<td>com.Amazonkart.kidsproducttest.KidsProduct7Test@4b45a2f5</td></tr>
<tr>
<td title='com.Amazonkart.kidsproducttest.KidsProduct6Test.deleteProduct()'><b>deleteProduct</b><br>Test class: com.Amazonkart.kidsproducttest.KidsProduct6Test</td>
<td><div><pre>org.testng.TestNGException: 
Parameter &apos;browser&apos; is required by BeforeClass on method browserSetup but has not been marked @Optional or defined
in C:\Users\USER\git\LearningSelenium\LearningSelenium\LearningSelenium\com.Amazon\testng.xml
	at java.base/java.util.ArrayList.forEach(ArrayList.java:1511)
... Removed 22 stack frames</pre></div><a href='#' onClick='toggleBox("stack-trace1095273238", this, "Click to show all stack frames", "Click to hide stack frames")'>Click to show all stack frames</a>
<div class='stack-trace' id='stack-trace1095273238'><pre>org.testng.TestNGException: 
Parameter &apos;browser&apos; is required by BeforeClass on method browserSetup but has not been marked @Optional or defined
in C:\Users\USER\git\LearningSelenium\LearningSelenium\LearningSelenium\com.Amazon\testng.xml
	at org.testng.internal.Parameters.createParams(Parameters.java:270)
	at org.testng.internal.Parameters.createParametersForMethod(Parameters.java:358)
	at org.testng.internal.Parameters.createParameters(Parameters.java:700)
	at org.testng.internal.Parameters.createConfigurationParameters(Parameters.java:168)
	at org.testng.internal.ConfigInvoker.invokeConfigurations(ConfigInvoker.java:302)
	at org.testng.internal.TestMethodWorker.invokeBeforeClassMethods(TestMethodWorker.java:176)
	at org.testng.internal.TestMethodWorker.run(TestMethodWorker.java:122)
	at java.base/java.util.ArrayList.forEach(ArrayList.java:1511)
	at org.testng.TestRunner.privateRun(TestRunner.java:794)
	at org.testng.TestRunner.run(TestRunner.java:596)
	at org.testng.SuiteRunner.runTest(SuiteRunner.java:377)
	at org.testng.SuiteRunner.runSequentially(SuiteRunner.java:371)
	at org.testng.SuiteRunner.privateRun(SuiteRunner.java:332)
	at org.testng.SuiteRunner.run(SuiteRunner.java:276)
	at org.testng.SuiteRunnerWorker.runSuite(SuiteRunnerWorker.java:53)
	at org.testng.SuiteRunnerWorker.run(SuiteRunnerWorker.java:96)
	at org.testng.TestNG.runSuitesSequentially(TestNG.java:1212)
	at org.testng.TestNG.runSuitesLocally(TestNG.java:1134)
	at org.testng.TestNG.runSuites(TestNG.java:1063)
	at org.testng.TestNG.run(TestNG.java:1031)
	at org.testng.remote.AbstractRemoteTestNG.run(AbstractRemoteTestNG.java:115)
	at org.testng.remote.RemoteTestNG.initAndRun(RemoteTestNG.java:293)
	at org.testng.remote.RemoteTestNG.main(RemoteTestNG.java:91)
</pre></div></td>
<td>0</td>
<td>com.Amazonkart.kidsproducttest.KidsProduct6Test@1a942c18</td></tr>
<tr>
<td title='com.Amazonkart.kidsproducttest.KidsProduct5Test.deleteProduct()'><b>deleteProduct</b><br>Test class: com.Amazonkart.kidsproducttest.KidsProduct5Test</td>
<td><div><pre>org.testng.TestNGException: 
Parameter &apos;browser&apos; is required by BeforeClass on method browserSetup but has not been marked @Optional or defined
in C:\Users\USER\git\LearningSelenium\LearningSelenium\LearningSelenium\com.Amazon\testng.xml
	at java.base/java.util.ArrayList.forEach(ArrayList.java:1511)
... Removed 22 stack frames</pre></div><a href='#' onClick='toggleBox("stack-trace1173346575", this, "Click to show all stack frames", "Click to hide stack frames")'>Click to show all stack frames</a>
<div class='stack-trace' id='stack-trace1173346575'><pre>org.testng.TestNGException: 
Parameter &apos;browser&apos; is required by BeforeClass on method browserSetup but has not been marked @Optional or defined
in C:\Users\USER\git\LearningSelenium\LearningSelenium\LearningSelenium\com.Amazon\testng.xml
	at org.testng.internal.Parameters.createParams(Parameters.java:270)
	at org.testng.internal.Parameters.createParametersForMethod(Parameters.java:358)
	at org.testng.internal.Parameters.createParameters(Parameters.java:700)
	at org.testng.internal.Parameters.createConfigurationParameters(Parameters.java:168)
	at org.testng.internal.ConfigInvoker.invokeConfigurations(ConfigInvoker.java:302)
	at org.testng.internal.TestMethodWorker.invokeBeforeClassMethods(TestMethodWorker.java:176)
	at org.testng.internal.TestMethodWorker.run(TestMethodWorker.java:122)
	at java.base/java.util.ArrayList.forEach(ArrayList.java:1511)
	at org.testng.TestRunner.privateRun(TestRunner.java:794)
	at org.testng.TestRunner.run(TestRunner.java:596)
	at org.testng.SuiteRunner.runTest(SuiteRunner.java:377)
	at org.testng.SuiteRunner.runSequentially(SuiteRunner.java:371)
	at org.testng.SuiteRunner.privateRun(SuiteRunner.java:332)
	at org.testng.SuiteRunner.run(SuiteRunner.java:276)
	at org.testng.SuiteRunnerWorker.runSuite(SuiteRunnerWorker.java:53)
	at org.testng.SuiteRunnerWorker.run(SuiteRunnerWorker.java:96)
	at org.testng.TestNG.runSuitesSequentially(TestNG.java:1212)
	at org.testng.TestNG.runSuitesLocally(TestNG.java:1134)
	at org.testng.TestNG.runSuites(TestNG.java:1063)
	at org.testng.TestNG.run(TestNG.java:1031)
	at org.testng.remote.AbstractRemoteTestNG.run(AbstractRemoteTestNG.java:115)
	at org.testng.remote.RemoteTestNG.initAndRun(RemoteTestNG.java:293)
	at org.testng.remote.RemoteTestNG.main(RemoteTestNG.java:91)
</pre></div></td>
<td>0</td>
<td>com.Amazonkart.kidsproducttest.KidsProduct5Test@1a6d8329</td></tr>
<tr>
<td title='com.Amazonkart.kidsproducttest.KidsProduct3Test.updateProduct()'><b>updateProduct</b><br>Test class: com.Amazonkart.kidsproducttest.KidsProduct3Test</td>
<td><div><pre>org.testng.TestNGException: 
Parameter &apos;browser&apos; is required by BeforeClass on method browserSetup but has not been marked @Optional or defined
in C:\Users\USER\git\LearningSelenium\LearningSelenium\LearningSelenium\com.Amazon\testng.xml
	at java.base/java.util.ArrayList.forEach(ArrayList.java:1511)
... Removed 22 stack frames</pre></div><a href='#' onClick='toggleBox("stack-trace1358343316", this, "Click to show all stack frames", "Click to hide stack frames")'>Click to show all stack frames</a>
<div class='stack-trace' id='stack-trace1358343316'><pre>org.testng.TestNGException: 
Parameter &apos;browser&apos; is required by BeforeClass on method browserSetup but has not been marked @Optional or defined
in C:\Users\USER\git\LearningSelenium\LearningSelenium\LearningSelenium\com.Amazon\testng.xml
	at org.testng.internal.Parameters.createParams(Parameters.java:270)
	at org.testng.internal.Parameters.createParametersForMethod(Parameters.java:358)
	at org.testng.internal.Parameters.createParameters(Parameters.java:700)
	at org.testng.internal.Parameters.createConfigurationParameters(Parameters.java:168)
	at org.testng.internal.ConfigInvoker.invokeConfigurations(ConfigInvoker.java:302)
	at org.testng.internal.TestMethodWorker.invokeBeforeClassMethods(TestMethodWorker.java:176)
	at org.testng.internal.TestMethodWorker.run(TestMethodWorker.java:122)
	at java.base/java.util.ArrayList.forEach(ArrayList.java:1511)
	at org.testng.TestRunner.privateRun(TestRunner.java:794)
	at org.testng.TestRunner.run(TestRunner.java:596)
	at org.testng.SuiteRunner.runTest(SuiteRunner.java:377)
	at org.testng.SuiteRunner.runSequentially(SuiteRunner.java:371)
	at org.testng.SuiteRunner.privateRun(SuiteRunner.java:332)
	at org.testng.SuiteRunner.run(SuiteRunner.java:276)
	at org.testng.SuiteRunnerWorker.runSuite(SuiteRunnerWorker.java:53)
	at org.testng.SuiteRunnerWorker.run(SuiteRunnerWorker.java:96)
	at org.testng.TestNG.runSuitesSequentially(TestNG.java:1212)
	at org.testng.TestNG.runSuitesLocally(TestNG.java:1134)
	at org.testng.TestNG.runSuites(TestNG.java:1063)
	at org.testng.TestNG.run(TestNG.java:1031)
	at org.testng.remote.AbstractRemoteTestNG.run(AbstractRemoteTestNG.java:115)
	at org.testng.remote.RemoteTestNG.initAndRun(RemoteTestNG.java:293)
	at org.testng.remote.RemoteTestNG.main(RemoteTestNG.java:91)
</pre></div></td>
<td>0</td>
<td>com.Amazonkart.kidsproducttest.KidsProduct3Test@368247b9</td></tr>
<tr>
<td title='com.Amazonkart.kidsproducttest.KidsProduct10Test.addProduct()'><b>addProduct</b><br>Test class: com.Amazonkart.kidsproducttest.KidsProduct10Test</td>
<td><div><pre>org.testng.TestNGException: 
Parameter &apos;browser&apos; is required by BeforeClass on method browserSetup but has not been marked @Optional or defined
in C:\Users\USER\git\LearningSelenium\LearningSelenium\LearningSelenium\com.Amazon\testng.xml
	at java.base/java.util.ArrayList.forEach(ArrayList.java:1511)
... Removed 22 stack frames</pre></div><a href='#' onClick='toggleBox("stack-trace1148255190", this, "Click to show all stack frames", "Click to hide stack frames")'>Click to show all stack frames</a>
<div class='stack-trace' id='stack-trace1148255190'><pre>org.testng.TestNGException: 
Parameter &apos;browser&apos; is required by BeforeClass on method browserSetup but has not been marked @Optional or defined
in C:\Users\USER\git\LearningSelenium\LearningSelenium\LearningSelenium\com.Amazon\testng.xml
	at org.testng.internal.Parameters.createParams(Parameters.java:270)
	at org.testng.internal.Parameters.createParametersForMethod(Parameters.java:358)
	at org.testng.internal.Parameters.createParameters(Parameters.java:700)
	at org.testng.internal.Parameters.createConfigurationParameters(Parameters.java:168)
	at org.testng.internal.ConfigInvoker.invokeConfigurations(ConfigInvoker.java:302)
	at org.testng.internal.TestMethodWorker.invokeBeforeClassMethods(TestMethodWorker.java:176)
	at org.testng.internal.TestMethodWorker.run(TestMethodWorker.java:122)
	at java.base/java.util.ArrayList.forEach(ArrayList.java:1511)
	at org.testng.TestRunner.privateRun(TestRunner.java:794)
	at org.testng.TestRunner.run(TestRunner.java:596)
	at org.testng.SuiteRunner.runTest(SuiteRunner.java:377)
	at org.testng.SuiteRunner.runSequentially(SuiteRunner.java:371)
	at org.testng.SuiteRunner.privateRun(SuiteRunner.java:332)
	at org.testng.SuiteRunner.run(SuiteRunner.java:276)
	at org.testng.SuiteRunnerWorker.runSuite(SuiteRunnerWorker.java:53)
	at org.testng.SuiteRunnerWorker.run(SuiteRunnerWorker.java:96)
	at org.testng.TestNG.runSuitesSequentially(TestNG.java:1212)
	at org.testng.TestNG.runSuitesLocally(TestNG.java:1134)
	at org.testng.TestNG.runSuites(TestNG.java:1063)
	at org.testng.TestNG.run(TestNG.java:1031)
	at org.testng.remote.AbstractRemoteTestNG.run(AbstractRemoteTestNG.java:115)
	at org.testng.remote.RemoteTestNG.initAndRun(RemoteTestNG.java:293)
	at org.testng.remote.RemoteTestNG.main(RemoteTestNG.java:91)
</pre></div></td>
<td>0</td>
<td>com.Amazonkart.kidsproducttest.KidsProduct10Test@20140db9</td></tr>
<tr>
<td title='com.Amazonkart.kidsproducttest.KidsProduct9Test.updateProduct()'><b>updateProduct</b><br>Test class: com.Amazonkart.kidsproducttest.KidsProduct9Test</td>
<td><div><pre>org.testng.TestNGException: 
Parameter &apos;browser&apos; is required by BeforeClass on method browserSetup but has not been marked @Optional or defined
in C:\Users\USER\git\LearningSelenium\LearningSelenium\LearningSelenium\com.Amazon\testng.xml
	at java.base/java.util.ArrayList.forEach(ArrayList.java:1511)
... Removed 22 stack frames</pre></div><a href='#' onClick='toggleBox("stack-trace1095352419", this, "Click to show all stack frames", "Click to hide stack frames")'>Click to show all stack frames</a>
<div class='stack-trace' id='stack-trace1095352419'><pre>org.testng.TestNGException: 
Parameter &apos;browser&apos; is required by BeforeClass on method browserSetup but has not been marked @Optional or defined
in C:\Users\USER\git\LearningSelenium\LearningSelenium\LearningSelenium\com.Amazon\testng.xml
	at org.testng.internal.Parameters.createParams(Parameters.java:270)
	at org.testng.internal.Parameters.createParametersForMethod(Parameters.java:358)
	at org.testng.internal.Parameters.createParameters(Parameters.java:700)
	at org.testng.internal.Parameters.createConfigurationParameters(Parameters.java:168)
	at org.testng.internal.ConfigInvoker.invokeConfigurations(ConfigInvoker.java:302)
	at org.testng.internal.TestMethodWorker.invokeBeforeClassMethods(TestMethodWorker.java:176)
	at org.testng.internal.TestMethodWorker.run(TestMethodWorker.java:122)
	at java.base/java.util.ArrayList.forEach(ArrayList.java:1511)
	at org.testng.TestRunner.privateRun(TestRunner.java:794)
	at org.testng.TestRunner.run(TestRunner.java:596)
	at org.testng.SuiteRunner.runTest(SuiteRunner.java:377)
	at org.testng.SuiteRunner.runSequentially(SuiteRunner.java:371)
	at org.testng.SuiteRunner.privateRun(SuiteRunner.java:332)
	at org.testng.SuiteRunner.run(SuiteRunner.java:276)
	at org.testng.SuiteRunnerWorker.runSuite(SuiteRunnerWorker.java:53)
	at org.testng.SuiteRunnerWorker.run(SuiteRunnerWorker.java:96)
	at org.testng.TestNG.runSuitesSequentially(TestNG.java:1212)
	at org.testng.TestNG.runSuitesLocally(TestNG.java:1134)
	at org.testng.TestNG.runSuites(TestNG.java:1063)
	at org.testng.TestNG.run(TestNG.java:1031)
	at org.testng.remote.AbstractRemoteTestNG.run(AbstractRemoteTestNG.java:115)
	at org.testng.remote.RemoteTestNG.initAndRun(RemoteTestNG.java:293)
	at org.testng.remote.RemoteTestNG.main(RemoteTestNG.java:91)
</pre></div></td>
<td>0</td>
<td>com.Amazonkart.kidsproducttest.KidsProduct9Test@55a147cc</td></tr>
<tr>
<td title='com.Amazonkart.kidsproducttest.KidsProduct4Test.addProduct()'><b>addProduct</b><br>Test class: com.Amazonkart.kidsproducttest.KidsProduct4Test</td>
<td><div><pre>org.testng.TestNGException: 
Parameter &apos;browser&apos; is required by BeforeClass on method browserSetup but has not been marked @Optional or defined
in C:\Users\USER\git\LearningSelenium\LearningSelenium\LearningSelenium\com.Amazon\testng.xml
	at java.base/java.util.ArrayList.forEach(ArrayList.java:1511)
... Removed 22 stack frames</pre></div><a href='#' onClick='toggleBox("stack-trace271095942", this, "Click to show all stack frames", "Click to hide stack frames")'>Click to show all stack frames</a>
<div class='stack-trace' id='stack-trace271095942'><pre>org.testng.TestNGException: 
Parameter &apos;browser&apos; is required by BeforeClass on method browserSetup but has not been marked @Optional or defined
in C:\Users\USER\git\LearningSelenium\LearningSelenium\LearningSelenium\com.Amazon\testng.xml
	at org.testng.internal.Parameters.createParams(Parameters.java:270)
	at org.testng.internal.Parameters.createParametersForMethod(Parameters.java:358)
	at org.testng.internal.Parameters.createParameters(Parameters.java:700)
	at org.testng.internal.Parameters.createConfigurationParameters(Parameters.java:168)
	at org.testng.internal.ConfigInvoker.invokeConfigurations(ConfigInvoker.java:302)
	at org.testng.internal.TestMethodWorker.invokeBeforeClassMethods(TestMethodWorker.java:176)
	at org.testng.internal.TestMethodWorker.run(TestMethodWorker.java:122)
	at java.base/java.util.ArrayList.forEach(ArrayList.java:1511)
	at org.testng.TestRunner.privateRun(TestRunner.java:794)
	at org.testng.TestRunner.run(TestRunner.java:596)
	at org.testng.SuiteRunner.runTest(SuiteRunner.java:377)
	at org.testng.SuiteRunner.runSequentially(SuiteRunner.java:371)
	at org.testng.SuiteRunner.privateRun(SuiteRunner.java:332)
	at org.testng.SuiteRunner.run(SuiteRunner.java:276)
	at org.testng.SuiteRunnerWorker.runSuite(SuiteRunnerWorker.java:53)
	at org.testng.SuiteRunnerWorker.run(SuiteRunnerWorker.java:96)
	at org.testng.TestNG.runSuitesSequentially(TestNG.java:1212)
	at org.testng.TestNG.runSuitesLocally(TestNG.java:1134)
	at org.testng.TestNG.runSuites(TestNG.java:1063)
	at org.testng.TestNG.run(TestNG.java:1031)
	at org.testng.remote.AbstractRemoteTestNG.run(AbstractRemoteTestNG.java:115)
	at org.testng.remote.RemoteTestNG.initAndRun(RemoteTestNG.java:293)
	at org.testng.remote.RemoteTestNG.main(RemoteTestNG.java:91)
</pre></div></td>
<td>0</td>
<td>com.Amazonkart.kidsproducttest.KidsProduct4Test@1e6a3214</td></tr>
<tr>
<td title='com.Amazonkart.kidsproducttest.KidsProduct7Test.addProduct()'><b>addProduct</b><br>Test class: com.Amazonkart.kidsproducttest.KidsProduct7Test</td>
<td><div><pre>org.testng.TestNGException: 
Parameter &apos;browser&apos; is required by BeforeClass on method browserSetup but has not been marked @Optional or defined
in C:\Users\USER\git\LearningSelenium\LearningSelenium\LearningSelenium\com.Amazon\testng.xml
	at java.base/java.util.ArrayList.forEach(ArrayList.java:1511)
... Removed 22 stack frames</pre></div><a href='#' onClick='toggleBox("stack-trace1518331471", this, "Click to show all stack frames", "Click to hide stack frames")'>Click to show all stack frames</a>
<div class='stack-trace' id='stack-trace1518331471'><pre>org.testng.TestNGException: 
Parameter &apos;browser&apos; is required by BeforeClass on method browserSetup but has not been marked @Optional or defined
in C:\Users\USER\git\LearningSelenium\LearningSelenium\LearningSelenium\com.Amazon\testng.xml
	at org.testng.internal.Parameters.createParams(Parameters.java:270)
	at org.testng.internal.Parameters.createParametersForMethod(Parameters.java:358)
	at org.testng.internal.Parameters.createParameters(Parameters.java:700)
	at org.testng.internal.Parameters.createConfigurationParameters(Parameters.java:168)
	at org.testng.internal.ConfigInvoker.invokeConfigurations(ConfigInvoker.java:302)
	at org.testng.internal.TestMethodWorker.invokeBeforeClassMethods(TestMethodWorker.java:176)
	at org.testng.internal.TestMethodWorker.run(TestMethodWorker.java:122)
	at java.base/java.util.ArrayList.forEach(ArrayList.java:1511)
	at org.testng.TestRunner.privateRun(TestRunner.java:794)
	at org.testng.TestRunner.run(TestRunner.java:596)
	at org.testng.SuiteRunner.runTest(SuiteRunner.java:377)
	at org.testng.SuiteRunner.runSequentially(SuiteRunner.java:371)
	at org.testng.SuiteRunner.privateRun(SuiteRunner.java:332)
	at org.testng.SuiteRunner.run(SuiteRunner.java:276)
	at org.testng.SuiteRunnerWorker.runSuite(SuiteRunnerWorker.java:53)
	at org.testng.SuiteRunnerWorker.run(SuiteRunnerWorker.java:96)
	at org.testng.TestNG.runSuitesSequentially(TestNG.java:1212)
	at org.testng.TestNG.runSuitesLocally(TestNG.java:1134)
	at org.testng.TestNG.runSuites(TestNG.java:1063)
	at org.testng.TestNG.run(TestNG.java:1031)
	at org.testng.remote.AbstractRemoteTestNG.run(AbstractRemoteTestNG.java:115)
	at org.testng.remote.RemoteTestNG.initAndRun(RemoteTestNG.java:293)
	at org.testng.remote.RemoteTestNG.main(RemoteTestNG.java:91)
</pre></div></td>
<td>0</td>
<td>com.Amazonkart.kidsproducttest.KidsProduct7Test@4b45a2f5</td></tr>
<tr>
<td title='com.Amazonkart.kidsproducttest.KidsProduct9Test.deleteProduct()'><b>deleteProduct</b><br>Test class: com.Amazonkart.kidsproducttest.KidsProduct9Test</td>
<td><div><pre>org.testng.TestNGException: 
Parameter &apos;browser&apos; is required by BeforeClass on method browserSetup but has not been marked @Optional or defined
in C:\Users\USER\git\LearningSelenium\LearningSelenium\LearningSelenium\com.Amazon\testng.xml
	at java.base/java.util.ArrayList.forEach(ArrayList.java:1511)
... Removed 22 stack frames</pre></div><a href='#' onClick='toggleBox("stack-trace596470015", this, "Click to show all stack frames", "Click to hide stack frames")'>Click to show all stack frames</a>
<div class='stack-trace' id='stack-trace596470015'><pre>org.testng.TestNGException: 
Parameter &apos;browser&apos; is required by BeforeClass on method browserSetup but has not been marked @Optional or defined
in C:\Users\USER\git\LearningSelenium\LearningSelenium\LearningSelenium\com.Amazon\testng.xml
	at org.testng.internal.Parameters.createParams(Parameters.java:270)
	at org.testng.internal.Parameters.createParametersForMethod(Parameters.java:358)
	at org.testng.internal.Parameters.createParameters(Parameters.java:700)
	at org.testng.internal.Parameters.createConfigurationParameters(Parameters.java:168)
	at org.testng.internal.ConfigInvoker.invokeConfigurations(ConfigInvoker.java:302)
	at org.testng.internal.TestMethodWorker.invokeBeforeClassMethods(TestMethodWorker.java:176)
	at org.testng.internal.TestMethodWorker.run(TestMethodWorker.java:122)
	at java.base/java.util.ArrayList.forEach(ArrayList.java:1511)
	at org.testng.TestRunner.privateRun(TestRunner.java:794)
	at org.testng.TestRunner.run(TestRunner.java:596)
	at org.testng.SuiteRunner.runTest(SuiteRunner.java:377)
	at org.testng.SuiteRunner.runSequentially(SuiteRunner.java:371)
	at org.testng.SuiteRunner.privateRun(SuiteRunner.java:332)
	at org.testng.SuiteRunner.run(SuiteRunner.java:276)
	at org.testng.SuiteRunnerWorker.runSuite(SuiteRunnerWorker.java:53)
	at org.testng.SuiteRunnerWorker.run(SuiteRunnerWorker.java:96)
	at org.testng.TestNG.runSuitesSequentially(TestNG.java:1212)
	at org.testng.TestNG.runSuitesLocally(TestNG.java:1134)
	at org.testng.TestNG.runSuites(TestNG.java:1063)
	at org.testng.TestNG.run(TestNG.java:1031)
	at org.testng.remote.AbstractRemoteTestNG.run(AbstractRemoteTestNG.java:115)
	at org.testng.remote.RemoteTestNG.initAndRun(RemoteTestNG.java:293)
	at org.testng.remote.RemoteTestNG.main(RemoteTestNG.java:91)
</pre></div></td>
<td>0</td>
<td>com.Amazonkart.kidsproducttest.KidsProduct9Test@55a147cc</td></tr>
<tr>
<td title='com.Amazonkart.kidsproducttest.KidsProduct6Test.updateProduct()'><b>updateProduct</b><br>Test class: com.Amazonkart.kidsproducttest.KidsProduct6Test</td>
<td><div><pre>org.testng.TestNGException: 
Parameter &apos;browser&apos; is required by BeforeClass on method browserSetup but has not been marked @Optional or defined
in C:\Users\USER\git\LearningSelenium\LearningSelenium\LearningSelenium\com.Amazon\testng.xml
	at java.base/java.util.ArrayList.forEach(ArrayList.java:1511)
... Removed 22 stack frames</pre></div><a href='#' onClick='toggleBox("stack-trace2059572982", this, "Click to show all stack frames", "Click to hide stack frames")'>Click to show all stack frames</a>
<div class='stack-trace' id='stack-trace2059572982'><pre>org.testng.TestNGException: 
Parameter &apos;browser&apos; is required by BeforeClass on method browserSetup but has not been marked @Optional or defined
in C:\Users\USER\git\LearningSelenium\LearningSelenium\LearningSelenium\com.Amazon\testng.xml
	at org.testng.internal.Parameters.createParams(Parameters.java:270)
	at org.testng.internal.Parameters.createParametersForMethod(Parameters.java:358)
	at org.testng.internal.Parameters.createParameters(Parameters.java:700)
	at org.testng.internal.Parameters.createConfigurationParameters(Parameters.java:168)
	at org.testng.internal.ConfigInvoker.invokeConfigurations(ConfigInvoker.java:302)
	at org.testng.internal.TestMethodWorker.invokeBeforeClassMethods(TestMethodWorker.java:176)
	at org.testng.internal.TestMethodWorker.run(TestMethodWorker.java:122)
	at java.base/java.util.ArrayList.forEach(ArrayList.java:1511)
	at org.testng.TestRunner.privateRun(TestRunner.java:794)
	at org.testng.TestRunner.run(TestRunner.java:596)
	at org.testng.SuiteRunner.runTest(SuiteRunner.java:377)
	at org.testng.SuiteRunner.runSequentially(SuiteRunner.java:371)
	at org.testng.SuiteRunner.privateRun(SuiteRunner.java:332)
	at org.testng.SuiteRunner.run(SuiteRunner.java:276)
	at org.testng.SuiteRunnerWorker.runSuite(SuiteRunnerWorker.java:53)
	at org.testng.SuiteRunnerWorker.run(SuiteRunnerWorker.java:96)
	at org.testng.TestNG.runSuitesSequentially(TestNG.java:1212)
	at org.testng.TestNG.runSuitesLocally(TestNG.java:1134)
	at org.testng.TestNG.runSuites(TestNG.java:1063)
	at org.testng.TestNG.run(TestNG.java:1031)
	at org.testng.remote.AbstractRemoteTestNG.run(AbstractRemoteTestNG.java:115)
	at org.testng.remote.RemoteTestNG.initAndRun(RemoteTestNG.java:293)
	at org.testng.remote.RemoteTestNG.main(RemoteTestNG.java:91)
</pre></div></td>
<td>0</td>
<td>com.Amazonkart.kidsproducttest.KidsProduct6Test@1a942c18</td></tr>
<tr>
<td title='com.Amazonkart.kidsproducttest.KidsProduct3Test.deleteProduct()'><b>deleteProduct</b><br>Test class: com.Amazonkart.kidsproducttest.KidsProduct3Test</td>
<td><div><pre>org.testng.TestNGException: 
Parameter &apos;browser&apos; is required by BeforeClass on method browserSetup but has not been marked @Optional or defined
in C:\Users\USER\git\LearningSelenium\LearningSelenium\LearningSelenium\com.Amazon\testng.xml
	at java.base/java.util.ArrayList.forEach(ArrayList.java:1511)
... Removed 22 stack frames</pre></div><a href='#' onClick='toggleBox("stack-trace1042306518", this, "Click to show all stack frames", "Click to hide stack frames")'>Click to show all stack frames</a>
<div class='stack-trace' id='stack-trace1042306518'><pre>org.testng.TestNGException: 
Parameter &apos;browser&apos; is required by BeforeClass on method browserSetup but has not been marked @Optional or defined
in C:\Users\USER\git\LearningSelenium\LearningSelenium\LearningSelenium\com.Amazon\testng.xml
	at org.testng.internal.Parameters.createParams(Parameters.java:270)
	at org.testng.internal.Parameters.createParametersForMethod(Parameters.java:358)
	at org.testng.internal.Parameters.createParameters(Parameters.java:700)
	at org.testng.internal.Parameters.createConfigurationParameters(Parameters.java:168)
	at org.testng.internal.ConfigInvoker.invokeConfigurations(ConfigInvoker.java:302)
	at org.testng.internal.TestMethodWorker.invokeBeforeClassMethods(TestMethodWorker.java:176)
	at org.testng.internal.TestMethodWorker.run(TestMethodWorker.java:122)
	at java.base/java.util.ArrayList.forEach(ArrayList.java:1511)
	at org.testng.TestRunner.privateRun(TestRunner.java:794)
	at org.testng.TestRunner.run(TestRunner.java:596)
	at org.testng.SuiteRunner.runTest(SuiteRunner.java:377)
	at org.testng.SuiteRunner.runSequentially(SuiteRunner.java:371)
	at org.testng.SuiteRunner.privateRun(SuiteRunner.java:332)
	at org.testng.SuiteRunner.run(SuiteRunner.java:276)
	at org.testng.SuiteRunnerWorker.runSuite(SuiteRunnerWorker.java:53)
	at org.testng.SuiteRunnerWorker.run(SuiteRunnerWorker.java:96)
	at org.testng.TestNG.runSuitesSequentially(TestNG.java:1212)
	at org.testng.TestNG.runSuitesLocally(TestNG.java:1134)
	at org.testng.TestNG.runSuites(TestNG.java:1063)
	at org.testng.TestNG.run(TestNG.java:1031)
	at org.testng.remote.AbstractRemoteTestNG.run(AbstractRemoteTestNG.java:115)
	at org.testng.remote.RemoteTestNG.initAndRun(RemoteTestNG.java:293)
	at org.testng.remote.RemoteTestNG.main(RemoteTestNG.java:91)
</pre></div></td>
<td>0</td>
<td>com.Amazonkart.kidsproducttest.KidsProduct3Test@368247b9</td></tr>
<tr>
<td title='com.Amazonkart.kidsproducttest.KidsProduct10Test.updateProduct()'><b>updateProduct</b><br>Test class: com.Amazonkart.kidsproducttest.KidsProduct10Test</td>
<td><div><pre>org.testng.TestNGException: 
Parameter &apos;browser&apos; is required by BeforeClass on method browserSetup but has not been marked @Optional or defined
in C:\Users\USER\git\LearningSelenium\LearningSelenium\LearningSelenium\com.Amazon\testng.xml
	at java.base/java.util.ArrayList.forEach(ArrayList.java:1511)
... Removed 22 stack frames</pre></div><a href='#' onClick='toggleBox("stack-trace391135083", this, "Click to show all stack frames", "Click to hide stack frames")'>Click to show all stack frames</a>
<div class='stack-trace' id='stack-trace391135083'><pre>org.testng.TestNGException: 
Parameter &apos;browser&apos; is required by BeforeClass on method browserSetup but has not been marked @Optional or defined
in C:\Users\USER\git\LearningSelenium\LearningSelenium\LearningSelenium\com.Amazon\testng.xml
	at org.testng.internal.Parameters.createParams(Parameters.java:270)
	at org.testng.internal.Parameters.createParametersForMethod(Parameters.java:358)
	at org.testng.internal.Parameters.createParameters(Parameters.java:700)
	at org.testng.internal.Parameters.createConfigurationParameters(Parameters.java:168)
	at org.testng.internal.ConfigInvoker.invokeConfigurations(ConfigInvoker.java:302)
	at org.testng.internal.TestMethodWorker.invokeBeforeClassMethods(TestMethodWorker.java:176)
	at org.testng.internal.TestMethodWorker.run(TestMethodWorker.java:122)
	at java.base/java.util.ArrayList.forEach(ArrayList.java:1511)
	at org.testng.TestRunner.privateRun(TestRunner.java:794)
	at org.testng.TestRunner.run(TestRunner.java:596)
	at org.testng.SuiteRunner.runTest(SuiteRunner.java:377)
	at org.testng.SuiteRunner.runSequentially(SuiteRunner.java:371)
	at org.testng.SuiteRunner.privateRun(SuiteRunner.java:332)
	at org.testng.SuiteRunner.run(SuiteRunner.java:276)
	at org.testng.SuiteRunnerWorker.runSuite(SuiteRunnerWorker.java:53)
	at org.testng.SuiteRunnerWorker.run(SuiteRunnerWorker.java:96)
	at org.testng.TestNG.runSuitesSequentially(TestNG.java:1212)
	at org.testng.TestNG.runSuitesLocally(TestNG.java:1134)
	at org.testng.TestNG.runSuites(TestNG.java:1063)
	at org.testng.TestNG.run(TestNG.java:1031)
	at org.testng.remote.AbstractRemoteTestNG.run(AbstractRemoteTestNG.java:115)
	at org.testng.remote.RemoteTestNG.initAndRun(RemoteTestNG.java:293)
	at org.testng.remote.RemoteTestNG.main(RemoteTestNG.java:91)
</pre></div></td>
<td>0</td>
<td>com.Amazonkart.kidsproducttest.KidsProduct10Test@20140db9</td></tr>
<tr>
<td title='com.Amazonkart.kidsproducttest.KidsProduct10Test.deleteProduct()'><b>deleteProduct</b><br>Test class: com.Amazonkart.kidsproducttest.KidsProduct10Test</td>
<td><div><pre>org.testng.TestNGException: 
Parameter &apos;browser&apos; is required by BeforeClass on method browserSetup but has not been marked @Optional or defined
in C:\Users\USER\git\LearningSelenium\LearningSelenium\LearningSelenium\com.Amazon\testng.xml
	at java.base/java.util.ArrayList.forEach(ArrayList.java:1511)
... Removed 22 stack frames</pre></div><a href='#' onClick='toggleBox("stack-trace1346343363", this, "Click to show all stack frames", "Click to hide stack frames")'>Click to show all stack frames</a>
<div class='stack-trace' id='stack-trace1346343363'><pre>org.testng.TestNGException: 
Parameter &apos;browser&apos; is required by BeforeClass on method browserSetup but has not been marked @Optional or defined
in C:\Users\USER\git\LearningSelenium\LearningSelenium\LearningSelenium\com.Amazon\testng.xml
	at org.testng.internal.Parameters.createParams(Parameters.java:270)
	at org.testng.internal.Parameters.createParametersForMethod(Parameters.java:358)
	at org.testng.internal.Parameters.createParameters(Parameters.java:700)
	at org.testng.internal.Parameters.createConfigurationParameters(Parameters.java:168)
	at org.testng.internal.ConfigInvoker.invokeConfigurations(ConfigInvoker.java:302)
	at org.testng.internal.TestMethodWorker.invokeBeforeClassMethods(TestMethodWorker.java:176)
	at org.testng.internal.TestMethodWorker.run(TestMethodWorker.java:122)
	at java.base/java.util.ArrayList.forEach(ArrayList.java:1511)
	at org.testng.TestRunner.privateRun(TestRunner.java:794)
	at org.testng.TestRunner.run(TestRunner.java:596)
	at org.testng.SuiteRunner.runTest(SuiteRunner.java:377)
	at org.testng.SuiteRunner.runSequentially(SuiteRunner.java:371)
	at org.testng.SuiteRunner.privateRun(SuiteRunner.java:332)
	at org.testng.SuiteRunner.run(SuiteRunner.java:276)
	at org.testng.SuiteRunnerWorker.runSuite(SuiteRunnerWorker.java:53)
	at org.testng.SuiteRunnerWorker.run(SuiteRunnerWorker.java:96)
	at org.testng.TestNG.runSuitesSequentially(TestNG.java:1212)
	at org.testng.TestNG.runSuitesLocally(TestNG.java:1134)
	at org.testng.TestNG.runSuites(TestNG.java:1063)
	at org.testng.TestNG.run(TestNG.java:1031)
	at org.testng.remote.AbstractRemoteTestNG.run(AbstractRemoteTestNG.java:115)
	at org.testng.remote.RemoteTestNG.initAndRun(RemoteTestNG.java:293)
	at org.testng.remote.RemoteTestNG.main(RemoteTestNG.java:91)
</pre></div></td>
<td>0</td>
<td>com.Amazonkart.kidsproducttest.KidsProduct10Test@20140db9</td></tr>
</table><p>
</body>
</html>